Flow report for nios2_ht18_Eriksson_keyserlingk
Fri Sep 21 13:56:17 2018
Quartus II 32-bit Version 13.0.1 Build 232 06/12/2013 Service Pack 1 SJ Full Version


---------------------
; Table of Contents ;
---------------------
  1. Legal Notice
  2. Flow Summary
  3. Flow Settings
  4. Flow Non-Default Global Settings
  5. Flow Elapsed Time
  6. Flow OS Summary
  7. Flow Log
  8. Flow Messages
  9. Flow Suppressed Messages



----------------
; Legal Notice ;
----------------
Copyright (C) 1991-2013 Altera Corporation
Your use of Altera Corporation's design tools, logic functions 
and other software and tools, and its AMPP partner logic 
functions, and any output files from any of the foregoing 
(including device programming or simulation files), and any 
associated documentation or information are expressly subject 
to the terms and conditions of the Altera Program License 
Subscription Agreement, Altera MegaCore Function License 
Agreement, or other applicable license agreement, including, 
without limitation, that your use is for the sole purpose of 
programming logic devices manufactured by Altera and sold by 
Altera or its authorized distributors.  Please refer to the 
applicable agreement for further details.



+---------------------------------------------------------------------------------------+
; Flow Summary                                                                          ;
+------------------------------------+--------------------------------------------------+
; Flow Status                        ; Successful - Fri Sep 21 13:56:17 2018            ;
; Quartus II 32-bit Version          ; 13.0.1 Build 232 06/12/2013 SP 1 SJ Full Version ;
; Revision Name                      ; nios2_ht18_Eriksson_keyserlingk                  ;
; Top-level Entity Name              ; nios2_ht18_Eriksson_keyserlingk                  ;
; Family                             ; Cyclone II                                       ;
; Device                             ; EP2C35F672C6                                     ;
; Timing Models                      ; Final                                            ;
; Total logic elements               ; 4,810 / 33,216 ( 14 % )                          ;
;     Total combinational functions  ; 4,411 / 33,216 ( 13 % )                          ;
;     Dedicated logic registers      ; 2,999 / 33,216 ( 9 % )                           ;
; Total registers                    ; 3067                                             ;
; Total pins                         ; 183 / 475 ( 39 % )                               ;
; Total virtual pins                 ; 0                                                ;
; Total memory bits                  ; 76,800 / 483,840 ( 16 % )                        ;
; Embedded Multiplier 9-bit elements ; 0 / 70 ( 0 % )                                   ;
; Total PLLs                         ; 1 / 4 ( 25 % )                                   ;
+------------------------------------+--------------------------------------------------+


+-----------------------------------------------------+
; Flow Settings                                       ;
+-------------------+---------------------------------+
; Option            ; Setting                         ;
+-------------------+---------------------------------+
; Start date & time ; 09/21/2018 13:55:14             ;
; Main task         ; Compilation                     ;
; Revision Name     ; nios2_ht18_Eriksson_keyserlingk ;
+-------------------+---------------------------------+


+-----------------------------------------------------------------------------------------------------------------------------------------------------------------------------------------------------------------------------------+
; Flow Non-Default Global Settings                                                                                                                                                                                                  ;
+-------------------------------------+------------------------------------------------------------------------------------------+---------------+-----------------------------------------------------------------+----------------+
; Assignment Name                     ; Value                                                                                    ; Default Value ; Entity Name                                                     ; Section Id     ;
+-------------------------------------+------------------------------------------------------------------------------------------+---------------+-----------------------------------------------------------------+----------------+
; COMPILER_SIGNATURE_ID               ; 0.153753091326869                                                                        ; --            ; --                                                              ; --             ;
; EDA_OUTPUT_DATA_FORMAT              ; Vhdl                                                                                     ; --            ; --                                                              ; eda_simulation ;
; EDA_SIMULATION_TOOL                 ; ModelSim-Altera (VHDL)                                                                   ; <None>        ; --                                                              ; --             ;
; IP_TOOL_ENV                         ; Qsys                                                                                     ; --            ; altera_avalon_sc_fifo                                           ; --             ;
; IP_TOOL_ENV                         ; Qsys                                                                                     ; --            ; altera_merlin_burst_adapter                                     ; --             ;
; IP_TOOL_ENV                         ; Qsys                                                                                     ; --            ; altera_merlin_master_agent                                      ; --             ;
; IP_TOOL_ENV                         ; Qsys                                                                                     ; --            ; altera_merlin_master_translator                                 ; --             ;
; IP_TOOL_ENV                         ; Qsys                                                                                     ; --            ; altera_merlin_slave_agent                                       ; --             ;
; IP_TOOL_ENV                         ; Qsys                                                                                     ; --            ; altera_merlin_slave_translator                                  ; --             ;
; IP_TOOL_ENV                         ; Qsys                                                                                     ; --            ; altera_merlin_width_adapter                                     ; --             ;
; IP_TOOL_ENV                         ; Qsys                                                                                     ; --            ; altera_reset_controller                                         ; --             ;
; IP_TOOL_ENV                         ; Qsys                                                                                     ; --            ; --                                                              ; --             ;
; IP_TOOL_ENV                         ; Qsys                                                                                     ; --            ; nios2_ht18_Eriksson_keyserlingk_addr_router                     ; --             ;
; IP_TOOL_ENV                         ; Qsys                                                                                     ; --            ; nios2_ht18_Eriksson_keyserlingk_addr_router_001                 ; --             ;
; IP_TOOL_ENV                         ; Qsys                                                                                     ; --            ; nios2_ht18_Eriksson_keyserlingk_cmd_xbar_demux                  ; --             ;
; IP_TOOL_ENV                         ; Qsys                                                                                     ; --            ; nios2_ht18_Eriksson_keyserlingk_cmd_xbar_demux_001              ; --             ;
; IP_TOOL_ENV                         ; Qsys                                                                                     ; --            ; nios2_ht18_Eriksson_keyserlingk_cmd_xbar_mux                    ; --             ;
; IP_TOOL_ENV                         ; Qsys                                                                                     ; --            ; nios2_ht18_Eriksson_keyserlingk_de2_pio_greenled9               ; --             ;
; IP_TOOL_ENV                         ; Qsys                                                                                     ; --            ; nios2_ht18_Eriksson_keyserlingk_de2_pio_hex_high28              ; --             ;
; IP_TOOL_ENV                         ; Qsys                                                                                     ; --            ; nios2_ht18_Eriksson_keyserlingk_de2_pio_keys                    ; --             ;
; IP_TOOL_ENV                         ; Qsys                                                                                     ; --            ; nios2_ht18_Eriksson_keyserlingk_de2_pio_redled18                ; --             ;
; IP_TOOL_ENV                         ; Qsys                                                                                     ; --            ; nios2_ht18_Eriksson_keyserlingk_de2_pio_toggles18               ; --             ;
; IP_TOOL_ENV                         ; Qsys                                                                                     ; --            ; nios2_ht18_Eriksson_keyserlingk_ht18_Eriksson_keyserlingk       ; --             ;
; IP_TOOL_ENV                         ; Qsys                                                                                     ; --            ; nios2_ht18_Eriksson_keyserlingk_id_router                       ; --             ;
; IP_TOOL_ENV                         ; Qsys                                                                                     ; --            ; nios2_ht18_Eriksson_keyserlingk_id_router_003                   ; --             ;
; IP_TOOL_ENV                         ; Qsys                                                                                     ; --            ; nios2_ht18_Eriksson_keyserlingk_id_router_004                   ; --             ;
; IP_TOOL_ENV                         ; Qsys                                                                                     ; --            ; nios2_ht18_Eriksson_keyserlingk_id_router_013                   ; --             ;
; IP_TOOL_ENV                         ; Qsys                                                                                     ; --            ; nios2_ht18_Eriksson_keyserlingk_irq_mapper                      ; --             ;
; IP_TOOL_ENV                         ; Qsys                                                                                     ; --            ; nios2_ht18_Eriksson_keyserlingk_jtag_uart_0                     ; --             ;
; IP_TOOL_ENV                         ; Qsys                                                                                     ; --            ; nios2_ht18_Eriksson_keyserlingk_nios2_ht18_Eriksson_keyserlingk ; --             ;
; IP_TOOL_ENV                         ; Qsys                                                                                     ; --            ; nios2_ht18_Eriksson_keyserlingk_onchip_memory                   ; --             ;
; IP_TOOL_ENV                         ; Qsys                                                                                     ; --            ; nios2_ht18_Eriksson_keyserlingk_p_counter                       ; --             ;
; IP_TOOL_ENV                         ; Qsys                                                                                     ; --            ; nios2_ht18_Eriksson_keyserlingk_rsp_xbar_demux                  ; --             ;
; IP_TOOL_ENV                         ; Qsys                                                                                     ; --            ; nios2_ht18_Eriksson_keyserlingk_rsp_xbar_demux_004              ; --             ;
; IP_TOOL_ENV                         ; Qsys                                                                                     ; --            ; nios2_ht18_Eriksson_keyserlingk_rsp_xbar_mux                    ; --             ;
; IP_TOOL_ENV                         ; Qsys                                                                                     ; --            ; nios2_ht18_Eriksson_keyserlingk_rsp_xbar_mux_001                ; --             ;
; IP_TOOL_ENV                         ; Qsys                                                                                     ; --            ; nios2_ht18_Eriksson_keyserlingk_sdram                           ; --             ;
; IP_TOOL_ENV                         ; Qsys                                                                                     ; --            ; nios2_ht18_Eriksson_keyserlingk_timer_0                         ; --             ;
; IP_TOOL_ENV                         ; Qsys                                                                                     ; --            ; nios2_ht18_Eriksson_keyserlingk_timer_1                         ; --             ;
; IP_TOOL_NAME                        ; altera_avalon_sc_fifo                                                                    ; --            ; altera_avalon_sc_fifo                                           ; --             ;
; IP_TOOL_NAME                        ; altera_merlin_burst_adapter                                                              ; --            ; altera_merlin_burst_adapter                                     ; --             ;
; IP_TOOL_NAME                        ; altera_merlin_master_agent                                                               ; --            ; altera_merlin_master_agent                                      ; --             ;
; IP_TOOL_NAME                        ; altera_merlin_master_translator                                                          ; --            ; altera_merlin_master_translator                                 ; --             ;
; IP_TOOL_NAME                        ; altera_merlin_slave_agent                                                                ; --            ; altera_merlin_slave_agent                                       ; --             ;
; IP_TOOL_NAME                        ; altera_merlin_slave_translator                                                           ; --            ; altera_merlin_slave_translator                                  ; --             ;
; IP_TOOL_NAME                        ; altera_merlin_width_adapter                                                              ; --            ; altera_merlin_width_adapter                                     ; --             ;
; IP_TOOL_NAME                        ; altera_reset_controller                                                                  ; --            ; altera_reset_controller                                         ; --             ;
; IP_TOOL_NAME                        ; Qsys                                                                                     ; --            ; --                                                              ; --             ;
; IP_TOOL_NAME                        ; altera_merlin_router                                                                     ; --            ; nios2_ht18_Eriksson_keyserlingk_addr_router                     ; --             ;
; IP_TOOL_NAME                        ; altera_merlin_router                                                                     ; --            ; nios2_ht18_Eriksson_keyserlingk_addr_router_001                 ; --             ;
; IP_TOOL_NAME                        ; altera_merlin_demultiplexer                                                              ; --            ; nios2_ht18_Eriksson_keyserlingk_cmd_xbar_demux                  ; --             ;
; IP_TOOL_NAME                        ; altera_merlin_demultiplexer                                                              ; --            ; nios2_ht18_Eriksson_keyserlingk_cmd_xbar_demux_001              ; --             ;
; IP_TOOL_NAME                        ; altera_merlin_multiplexer                                                                ; --            ; nios2_ht18_Eriksson_keyserlingk_cmd_xbar_mux                    ; --             ;
; IP_TOOL_NAME                        ; altera_avalon_pio                                                                        ; --            ; nios2_ht18_Eriksson_keyserlingk_de2_pio_greenled9               ; --             ;
; IP_TOOL_NAME                        ; altera_avalon_pio                                                                        ; --            ; nios2_ht18_Eriksson_keyserlingk_de2_pio_hex_high28              ; --             ;
; IP_TOOL_NAME                        ; altera_avalon_pio                                                                        ; --            ; nios2_ht18_Eriksson_keyserlingk_de2_pio_keys                    ; --             ;
; IP_TOOL_NAME                        ; altera_avalon_pio                                                                        ; --            ; nios2_ht18_Eriksson_keyserlingk_de2_pio_redled18                ; --             ;
; IP_TOOL_NAME                        ; altera_avalon_pio                                                                        ; --            ; nios2_ht18_Eriksson_keyserlingk_de2_pio_toggles18               ; --             ;
; IP_TOOL_NAME                        ; altera_avalon_sysid_qsys                                                                 ; --            ; nios2_ht18_Eriksson_keyserlingk_ht18_Eriksson_keyserlingk       ; --             ;
; IP_TOOL_NAME                        ; altera_merlin_router                                                                     ; --            ; nios2_ht18_Eriksson_keyserlingk_id_router                       ; --             ;
; IP_TOOL_NAME                        ; altera_merlin_router                                                                     ; --            ; nios2_ht18_Eriksson_keyserlingk_id_router_003                   ; --             ;
; IP_TOOL_NAME                        ; altera_merlin_router                                                                     ; --            ; nios2_ht18_Eriksson_keyserlingk_id_router_004                   ; --             ;
; IP_TOOL_NAME                        ; altera_merlin_router                                                                     ; --            ; nios2_ht18_Eriksson_keyserlingk_id_router_013                   ; --             ;
; IP_TOOL_NAME                        ; altera_irq_mapper                                                                        ; --            ; nios2_ht18_Eriksson_keyserlingk_irq_mapper                      ; --             ;
; IP_TOOL_NAME                        ; altera_avalon_jtag_uart                                                                  ; --            ; nios2_ht18_Eriksson_keyserlingk_jtag_uart_0                     ; --             ;
; IP_TOOL_NAME                        ; altera_nios2_qsys                                                                        ; --            ; nios2_ht18_Eriksson_keyserlingk_nios2_ht18_Eriksson_keyserlingk ; --             ;
; IP_TOOL_NAME                        ; altera_avalon_onchip_memory2                                                             ; --            ; nios2_ht18_Eriksson_keyserlingk_onchip_memory                   ; --             ;
; IP_TOOL_NAME                        ; altera_avalon_performance_counter                                                        ; --            ; nios2_ht18_Eriksson_keyserlingk_p_counter                       ; --             ;
; IP_TOOL_NAME                        ; altera_merlin_demultiplexer                                                              ; --            ; nios2_ht18_Eriksson_keyserlingk_rsp_xbar_demux                  ; --             ;
; IP_TOOL_NAME                        ; altera_merlin_demultiplexer                                                              ; --            ; nios2_ht18_Eriksson_keyserlingk_rsp_xbar_demux_004              ; --             ;
; IP_TOOL_NAME                        ; altera_merlin_multiplexer                                                                ; --            ; nios2_ht18_Eriksson_keyserlingk_rsp_xbar_mux                    ; --             ;
; IP_TOOL_NAME                        ; altera_merlin_multiplexer                                                                ; --            ; nios2_ht18_Eriksson_keyserlingk_rsp_xbar_mux_001                ; --             ;
; IP_TOOL_NAME                        ; altera_avalon_new_sdram_controller                                                       ; --            ; nios2_ht18_Eriksson_keyserlingk_sdram                           ; --             ;
; IP_TOOL_NAME                        ; altera_avalon_timer                                                                      ; --            ; nios2_ht18_Eriksson_keyserlingk_timer_0                         ; --             ;
; IP_TOOL_NAME                        ; altera_avalon_timer                                                                      ; --            ; nios2_ht18_Eriksson_keyserlingk_timer_1                         ; --             ;
; IP_TOOL_VERSION                     ; 13.0                                                                                     ; --            ; altera_avalon_sc_fifo                                           ; --             ;
; IP_TOOL_VERSION                     ; 13.0                                                                                     ; --            ; altera_merlin_burst_adapter                                     ; --             ;
; IP_TOOL_VERSION                     ; 13.0                                                                                     ; --            ; altera_merlin_master_agent                                      ; --             ;
; IP_TOOL_VERSION                     ; 13.0                                                                                     ; --            ; altera_merlin_master_translator                                 ; --             ;
; IP_TOOL_VERSION                     ; 13.0                                                                                     ; --            ; altera_merlin_slave_agent                                       ; --             ;
; IP_TOOL_VERSION                     ; 13.0                                                                                     ; --            ; altera_merlin_slave_translator                                  ; --             ;
; IP_TOOL_VERSION                     ; 13.0                                                                                     ; --            ; altera_merlin_width_adapter                                     ; --             ;
; IP_TOOL_VERSION                     ; 13.0                                                                                     ; --            ; altera_reset_controller                                         ; --             ;
; IP_TOOL_VERSION                     ; 13.0sp1                                                                                  ; --            ; --                                                              ; --             ;
; IP_TOOL_VERSION                     ; 13.0                                                                                     ; --            ; nios2_ht18_Eriksson_keyserlingk_addr_router                     ; --             ;
; IP_TOOL_VERSION                     ; 13.0                                                                                     ; --            ; nios2_ht18_Eriksson_keyserlingk_addr_router_001                 ; --             ;
; IP_TOOL_VERSION                     ; 13.0                                                                                     ; --            ; nios2_ht18_Eriksson_keyserlingk_cmd_xbar_demux                  ; --             ;
; IP_TOOL_VERSION                     ; 13.0                                                                                     ; --            ; nios2_ht18_Eriksson_keyserlingk_cmd_xbar_demux_001              ; --             ;
; IP_TOOL_VERSION                     ; 13.0                                                                                     ; --            ; nios2_ht18_Eriksson_keyserlingk_cmd_xbar_mux                    ; --             ;
; IP_TOOL_VERSION                     ; 13.0.1.99.2                                                                              ; --            ; nios2_ht18_Eriksson_keyserlingk_de2_pio_greenled9               ; --             ;
; IP_TOOL_VERSION                     ; 13.0.1.99.2                                                                              ; --            ; nios2_ht18_Eriksson_keyserlingk_de2_pio_hex_high28              ; --             ;
; IP_TOOL_VERSION                     ; 13.0.1.99.2                                                                              ; --            ; nios2_ht18_Eriksson_keyserlingk_de2_pio_keys                    ; --             ;
; IP_TOOL_VERSION                     ; 13.0.1.99.2                                                                              ; --            ; nios2_ht18_Eriksson_keyserlingk_de2_pio_redled18                ; --             ;
; IP_TOOL_VERSION                     ; 13.0.1.99.2                                                                              ; --            ; nios2_ht18_Eriksson_keyserlingk_de2_pio_toggles18               ; --             ;
; IP_TOOL_VERSION                     ; 13.0                                                                                     ; --            ; nios2_ht18_Eriksson_keyserlingk_ht18_Eriksson_keyserlingk       ; --             ;
; IP_TOOL_VERSION                     ; 13.0                                                                                     ; --            ; nios2_ht18_Eriksson_keyserlingk_id_router                       ; --             ;
; IP_TOOL_VERSION                     ; 13.0                                                                                     ; --            ; nios2_ht18_Eriksson_keyserlingk_id_router_003                   ; --             ;
; IP_TOOL_VERSION                     ; 13.0                                                                                     ; --            ; nios2_ht18_Eriksson_keyserlingk_id_router_004                   ; --             ;
; IP_TOOL_VERSION                     ; 13.0                                                                                     ; --            ; nios2_ht18_Eriksson_keyserlingk_id_router_013                   ; --             ;
; IP_TOOL_VERSION                     ; 13.0                                                                                     ; --            ; nios2_ht18_Eriksson_keyserlingk_irq_mapper                      ; --             ;
; IP_TOOL_VERSION                     ; 13.0.1.99.2                                                                              ; --            ; nios2_ht18_Eriksson_keyserlingk_jtag_uart_0                     ; --             ;
; IP_TOOL_VERSION                     ; 13.0                                                                                     ; --            ; nios2_ht18_Eriksson_keyserlingk_nios2_ht18_Eriksson_keyserlingk ; --             ;
; IP_TOOL_VERSION                     ; 13.0.1.99.2                                                                              ; --            ; nios2_ht18_Eriksson_keyserlingk_onchip_memory                   ; --             ;
; IP_TOOL_VERSION                     ; 13.0.1.99.2                                                                              ; --            ; nios2_ht18_Eriksson_keyserlingk_p_counter                       ; --             ;
; IP_TOOL_VERSION                     ; 13.0                                                                                     ; --            ; nios2_ht18_Eriksson_keyserlingk_rsp_xbar_demux                  ; --             ;
; IP_TOOL_VERSION                     ; 13.0                                                                                     ; --            ; nios2_ht18_Eriksson_keyserlingk_rsp_xbar_demux_004              ; --             ;
; IP_TOOL_VERSION                     ; 13.0                                                                                     ; --            ; nios2_ht18_Eriksson_keyserlingk_rsp_xbar_mux                    ; --             ;
; IP_TOOL_VERSION                     ; 13.0                                                                                     ; --            ; nios2_ht18_Eriksson_keyserlingk_rsp_xbar_mux_001                ; --             ;
; IP_TOOL_VERSION                     ; 13.0.1.99.2                                                                              ; --            ; nios2_ht18_Eriksson_keyserlingk_sdram                           ; --             ;
; IP_TOOL_VERSION                     ; 13.0.1.99.2                                                                              ; --            ; nios2_ht18_Eriksson_keyserlingk_timer_0                         ; --             ;
; IP_TOOL_VERSION                     ; 13.0.1.99.2                                                                              ; --            ; nios2_ht18_Eriksson_keyserlingk_timer_1                         ; --             ;
; MAX_CORE_JUNCTION_TEMP              ; 85                                                                                       ; --            ; --                                                              ; --             ;
; MIN_CORE_JUNCTION_TEMP              ; 0                                                                                        ; --            ; --                                                              ; --             ;
; MISC_FILE                           ; nios2_ht18_Eriksson_keyserlingk/synthesis/../../nios2_ht18_Eriksson_keyserlingk.cmp      ; --            ; --                                                              ; --             ;
; MISC_FILE                           ; nios2_ht18_Eriksson_keyserlingk/synthesis/../../nios2_ht18_Eriksson_keyserlingk.qsys     ; --            ; --                                                              ; --             ;
; PARTITION_COLOR                     ; 16764057                                                                                 ; --            ; --                                                              ; Top            ;
; PARTITION_FITTER_PRESERVATION_LEVEL ; PLACEMENT_AND_ROUTING                                                                    ; --            ; --                                                              ; Top            ;
; PARTITION_NETLIST_TYPE              ; SOURCE                                                                                   ; --            ; --                                                              ; Top            ;
; POWER_BOARD_THERMAL_MODEL           ; None (CONSERVATIVE)                                                                      ; --            ; --                                                              ; --             ;
; POWER_PRESET_COOLING_SOLUTION       ; 23 MM HEAT SINK WITH 200 LFPM AIRFLOW                                                    ; --            ; --                                                              ; --             ;
; PROJECT_OUTPUT_DIRECTORY            ; output_files                                                                             ; --            ; --                                                              ; --             ;
; SLD_INFO                            ; QSYS_NAME nios2_ht18_Eriksson_keyserlingk HAS_SOPCINFO 1 GENERATION_ID 1537530846        ; --            ; --                                                              ; --             ;
; SOPCINFO_FILE                       ; nios2_ht18_Eriksson_keyserlingk/synthesis/../../nios2_ht18_Eriksson_keyserlingk.sopcinfo ; --            ; --                                                              ; --             ;
; SYNTHESIS_ONLY_QIP                  ; On                                                                                       ; --            ; --                                                              ; --             ;
+-------------------------------------+------------------------------------------------------------------------------------------+---------------+-----------------------------------------------------------------+----------------+


+-------------------------------------------------------------------------------------------------------------------------------+
; Flow Elapsed Time                                                                                                             ;
+---------------------------+--------------+-------------------------+---------------------+------------------------------------+
; Module Name               ; Elapsed Time ; Average Processors Used ; Peak Virtual Memory ; Total CPU Time (on all processors) ;
+---------------------------+--------------+-------------------------+---------------------+------------------------------------+
; Analysis & Synthesis      ; 00:00:21     ; 1.0                     ; 450 MB              ; 00:00:18                           ;
; Fitter                    ; 00:00:25     ; 1.0                     ; 528 MB              ; 00:00:23                           ;
; Assembler                 ; 00:00:03     ; 1.0                     ; 353 MB              ; 00:00:02                           ;
; TimeQuest Timing Analyzer ; 00:00:02     ; 1.0                     ; 362 MB              ; 00:00:02                           ;
; EDA Netlist Writer        ; 00:00:03     ; 1.0                     ; 356 MB              ; 00:00:03                           ;
; Total                     ; 00:00:54     ; --                      ; --                  ; 00:00:48                           ;
+---------------------------+--------------+-------------------------+---------------------+------------------------------------+


+---------------------------------------------------------------------------------------------+
; Flow OS Summary                                                                             ;
+---------------------------+------------------+----------------+------------+----------------+
; Module Name               ; Machine Hostname ; OS Name        ; OS Version ; Processor type ;
+---------------------------+------------------+----------------+------------+----------------+
; Analysis & Synthesis      ; il2206           ; Ubuntu 16.04.5 ; 16         ; i686           ;
; Fitter                    ; il2206           ; Ubuntu 16.04.5 ; 16         ; i686           ;
; Assembler                 ; il2206           ; Ubuntu 16.04.5 ; 16         ; i686           ;
; TimeQuest Timing Analyzer ; il2206           ; Ubuntu 16.04.5 ; 16         ; i686           ;
; EDA Netlist Writer        ; il2206           ; Ubuntu 16.04.5 ; 16         ; i686           ;
+---------------------------+------------------+----------------+------------+----------------+


------------
; Flow Log ;
------------
quartus_map --read_settings_files=on --write_settings_files=off nios2_ht18_Eriksson_keyserlingk -c nios2_ht18_Eriksson_keyserlingk
quartus_fit --read_settings_files=off --write_settings_files=off nios2_ht18_Eriksson_keyserlingk -c nios2_ht18_Eriksson_keyserlingk
quartus_asm --read_settings_files=off --write_settings_files=off nios2_ht18_Eriksson_keyserlingk -c nios2_ht18_Eriksson_keyserlingk
quartus_sta nios2_ht18_Eriksson_keyserlingk -c nios2_ht18_Eriksson_keyserlingk
quartus_eda --read_settings_files=off --write_settings_files=off nios2_ht18_Eriksson_keyserlingk -c nios2_ht18_Eriksson_keyserlingk



