Info: Starting: Create block symbol file (.bsf)
Info: ip-generate --project-directory=/home/student/Documents/IL2206/hardware/nios2_ht18_Eriksson_Keyserlingk/ --output-directory=/home/student/Documents/IL2206/hardware/nios2_ht18_Eriksson_Keyserlingk/nios2_ht18_Eriksson_keyserlingk/ --report-file=bsf:/home/student/Documents/IL2206/hardware/nios2_ht18_Eriksson_Keyserlingk/nios2_ht18_Eriksson_keyserlingk.bsf --system-info=DEVICE_FAMILY="Cyclone II" --system-info=DEVICE=EP2C35F672C6 --system-info=DEVICE_SPEEDGRADE=6 --component-file=/home/student/Documents/IL2206/hardware/nios2_ht18_Eriksson_Keyserlingk/nios2_ht18_Eriksson_keyserlingk.qsys
Progress: Loading nios2_ht18_Eriksson_Keyserlingk/nios2_ht18_Eriksson_keyserlingk.qsys
Progress: Reading input file
Progress: Adding clk [clock_source 13.0]
Progress: Parameterizing module clk
Progress: Adding nios2_ht18_Eriksson_keyserlingk [altera_nios2_qsys 13.0]
Progress: Parameterizing module nios2_ht18_Eriksson_keyserlingk
Progress: Adding jtag_uart_0 [altera_avalon_jtag_uart 13.0.1.99.2]
Progress: Parameterizing module jtag_uart_0
Progress: Adding onchip_memory [altera_avalon_onchip_memory2 13.0.1.99.2]
Progress: Parameterizing module onchip_memory
Progress: Adding sram [altera_up_avalon_sram 13.0]
Progress: Parameterizing module sram
Progress: Adding sdram [altera_avalon_new_sdram_controller 13.0.1.99.2]
Progress: Parameterizing module sdram
Progress: Adding timer_0 [altera_avalon_timer 13.0.1.99.2]
Progress: Parameterizing module timer_0
Progress: Adding timer_1 [altera_avalon_timer 13.0.1.99.2]
Progress: Parameterizing module timer_1
Progress: Adding p_counter [altera_avalon_performance_counter 13.0.1.99.2]
Progress: Parameterizing module p_counter
Progress: Adding ht18_Eriksson_keyserlingk [altera_avalon_sysid_qsys 13.0]
Progress: Parameterizing module ht18_Eriksson_keyserlingk
Progress: Adding de2_pio_toggles18 [altera_avalon_pio 13.0.1.99.2]
Progress: Parameterizing module de2_pio_toggles18
Progress: Adding de2_pio_keys [altera_avalon_pio 13.0.1.99.2]
Progress: Parameterizing module de2_pio_keys
Progress: Adding de2_pio_redled18 [altera_avalon_pio 13.0.1.99.2]
Progress: Parameterizing module de2_pio_redled18
Progress: Adding de2_pio_greenled9 [altera_avalon_pio 13.0.1.99.2]
Progress: Parameterizing module de2_pio_greenled9
Progress: Adding de2_pio_hex_high28 [altera_avalon_pio 13.0.1.99.2]
Progress: Parameterizing module de2_pio_hex_high28
Progress: Adding de2_pio_hex_low28 [altera_avalon_pio 13.0.1.99.2]
Progress: Parameterizing module de2_pio_hex_low28
Progress: Adding up_clocks_0 [altera_up_clocks 13.0]
Progress: Parameterizing module up_clocks_0
Progress: Building connections
Progress: Parameterizing connections
Progress: Validating
Progress: Done reading input file
Info: nios2_ht18_Eriksson_keyserlingk.ht18_Eriksson_keyserlingk: System ID is not assigned automatically. Edit the System ID parameter to provide a unique ID
Info: nios2_ht18_Eriksson_keyserlingk.ht18_Eriksson_keyserlingk: Time stamp will be automatically updated when this component is generated.
Info: nios2_ht18_Eriksson_keyserlingk.de2_pio_toggles18: PIO inputs are not hardwired in test bench. Undefined values will be read from PIO inputs during simulation.
Info: nios2_ht18_Eriksson_keyserlingk.de2_pio_keys: PIO inputs are not hardwired in test bench. Undefined values will be read from PIO inputs during simulation.
Info: ip-generate succeeded.
Info: Finished: Create block symbol file (.bsf)
Info: 
Info: Starting: Create HDL design files for synthesis
Info: ip-generate --project-directory=/home/student/Documents/IL2206/hardware/nios2_ht18_Eriksson_Keyserlingk/ --output-directory=/home/student/Documents/IL2206/hardware/nios2_ht18_Eriksson_Keyserlingk/nios2_ht18_Eriksson_keyserlingk/synthesis/ --file-set=QUARTUS_SYNTH --report-file=sopcinfo:/home/student/Documents/IL2206/hardware/nios2_ht18_Eriksson_Keyserlingk/nios2_ht18_Eriksson_keyserlingk.sopcinfo --report-file=html:/home/student/Documents/IL2206/hardware/nios2_ht18_Eriksson_Keyserlingk/nios2_ht18_Eriksson_keyserlingk.html --report-file=qip:/home/student/Documents/IL2206/hardware/nios2_ht18_Eriksson_Keyserlingk/nios2_ht18_Eriksson_keyserlingk/synthesis/nios2_ht18_Eriksson_keyserlingk.qip --report-file=cmp:/home/student/Documents/IL2206/hardware/nios2_ht18_Eriksson_Keyserlingk/nios2_ht18_Eriksson_keyserlingk.cmp --report-file=svd --system-info=DEVICE_FAMILY="Cyclone II" --system-info=DEVICE=EP2C35F672C6 --system-info=DEVICE_SPEEDGRADE=6 --component-file=/home/student/Documents/IL2206/hardware/nios2_ht18_Eriksson_Keyserlingk/nios2_ht18_Eriksson_keyserlingk.qsys --language=VERILOG
Progress: Loading nios2_ht18_Eriksson_Keyserlingk/nios2_ht18_Eriksson_keyserlingk.qsys
Progress: Reading input file
Progress: Adding clk [clock_source 13.0]
Progress: Parameterizing module clk
Progress: Adding nios2_ht18_Eriksson_keyserlingk [altera_nios2_qsys 13.0]
Progress: Parameterizing module nios2_ht18_Eriksson_keyserlingk
Progress: Adding jtag_uart_0 [altera_avalon_jtag_uart 13.0.1.99.2]
Progress: Parameterizing module jtag_uart_0
Progress: Adding onchip_memory [altera_avalon_onchip_memory2 13.0.1.99.2]
Progress: Parameterizing module onchip_memory
Progress: Adding sram [altera_up_avalon_sram 13.0]
Progress: Parameterizing module sram
Progress: Adding sdram [altera_avalon_new_sdram_controller 13.0.1.99.2]
Progress: Parameterizing module sdram
Progress: Adding timer_0 [altera_avalon_timer 13.0.1.99.2]
Progress: Parameterizing module timer_0
Progress: Adding timer_1 [altera_avalon_timer 13.0.1.99.2]
Progress: Parameterizing module timer_1
Progress: Adding p_counter [altera_avalon_performance_counter 13.0.1.99.2]
Progress: Parameterizing module p_counter
Progress: Adding ht18_Eriksson_keyserlingk [altera_avalon_sysid_qsys 13.0]
Progress: Parameterizing module ht18_Eriksson_keyserlingk
Progress: Adding de2_pio_toggles18 [altera_avalon_pio 13.0.1.99.2]
Progress: Parameterizing module de2_pio_toggles18
Progress: Adding de2_pio_keys [altera_avalon_pio 13.0.1.99.2]
Progress: Parameterizing module de2_pio_keys
Progress: Adding de2_pio_redled18 [altera_avalon_pio 13.0.1.99.2]
Progress: Parameterizing module de2_pio_redled18
Progress: Adding de2_pio_greenled9 [altera_avalon_pio 13.0.1.99.2]
Progress: Parameterizing module de2_pio_greenled9
Progress: Adding de2_pio_hex_high28 [altera_avalon_pio 13.0.1.99.2]
Progress: Parameterizing module de2_pio_hex_high28
Progress: Adding de2_pio_hex_low28 [altera_avalon_pio 13.0.1.99.2]
Progress: Parameterizing module de2_pio_hex_low28
Progress: Adding up_clocks_0 [altera_up_clocks 13.0]
Progress: Parameterizing module up_clocks_0
Progress: Building connections
Progress: Parameterizing connections
Progress: Validating
Progress: Done reading input file
Info: nios2_ht18_Eriksson_keyserlingk.ht18_Eriksson_keyserlingk: System ID is not assigned automatically. Edit the System ID parameter to provide a unique ID
Info: nios2_ht18_Eriksson_keyserlingk.ht18_Eriksson_keyserlingk: Time stamp will be automatically updated when this component is generated.
Info: nios2_ht18_Eriksson_keyserlingk.de2_pio_toggles18: PIO inputs are not hardwired in test bench. Undefined values will be read from PIO inputs during simulation.
Info: nios2_ht18_Eriksson_keyserlingk.de2_pio_keys: PIO inputs are not hardwired in test bench. Undefined values will be read from PIO inputs during simulation.
Info: nios2_ht18_Eriksson_keyserlingk: Generating nios2_ht18_Eriksson_keyserlingk "nios2_ht18_Eriksson_keyserlingk" for QUARTUS_SYNTH
Info: pipeline_bridge_swap_transform: After transform: 17 modules, 69 connections
Info: No custom instruction connections, skipping transform 
Info: merlin_translator_transform: After transform: 34 modules, 132 connections
Info: merlin_domain_transform: After transform: 69 modules, 350 connections
Info: merlin_router_transform: After transform: 86 modules, 413 connections
Info: merlin_burst_transform: After transform: 88 modules, 420 connections
Info: reset_adaptation_transform: After transform: 91 modules, 353 connections
Info: merlin_network_to_switch_transform: After transform: 124 modules, 425 connections
Info: merlin_width_transform: After transform: 128 modules, 437 connections
Info: merlin_mm_transform: After transform: 128 modules, 437 connections
Info: merlin_interrupt_mapper_transform: After transform: 129 modules, 440 connections
Warning: nios2_ht18_Eriksson_keyserlingk: "No matching role found for rst_controller_001:reset_out:reset_req (reset_req)"
Warning: nios2_ht18_Eriksson_keyserlingk: "No matching role found for rst_controller_001:reset_out:reset_req (reset_req)"
Warning: nios2_ht18_Eriksson_keyserlingk: "No matching role found for rst_controller_001:reset_out:reset_req (reset_req)"
Warning: nios2_ht18_Eriksson_keyserlingk: "No matching role found for rst_controller_001:reset_out:reset_req (reset_req)"
Warning: nios2_ht18_Eriksson_keyserlingk: "No matching role found for rst_controller_001:reset_out:reset_req (reset_req)"
Warning: nios2_ht18_Eriksson_keyserlingk: "No matching role found for rst_controller_001:reset_out:reset_req (reset_req)"
Warning: nios2_ht18_Eriksson_keyserlingk: "No matching role found for rst_controller_001:reset_out:reset_req (reset_req)"
Warning: nios2_ht18_Eriksson_keyserlingk: "No matching role found for rst_controller_001:reset_out:reset_req (reset_req)"
Warning: nios2_ht18_Eriksson_keyserlingk: "No matching role found for rst_controller_001:reset_out:reset_req (reset_req)"
Warning: nios2_ht18_Eriksson_keyserlingk: "No matching role found for rst_controller_001:reset_out:reset_req (reset_req)"
Warning: nios2_ht18_Eriksson_keyserlingk: "No matching role found for rst_controller_001:reset_out:reset_req (reset_req)"
Warning: nios2_ht18_Eriksson_keyserlingk: "No matching role found for rst_controller_001:reset_out:reset_req (reset_req)"
Warning: nios2_ht18_Eriksson_keyserlingk: "No matching role found for rst_controller_001:reset_out:reset_req (reset_req)"
Warning: nios2_ht18_Eriksson_keyserlingk: "No matching role found for rst_controller_001:reset_out:reset_req (reset_req)"
Warning: nios2_ht18_Eriksson_keyserlingk: "No matching role found for rst_controller_001:reset_out:reset_req (reset_req)"
Warning: nios2_ht18_Eriksson_keyserlingk: "No matching role found for rst_controller_001:reset_out:reset_req (reset_req)"
Warning: nios2_ht18_Eriksson_keyserlingk: "No matching role found for rst_controller_001:reset_out:reset_req (reset_req)"
Warning: nios2_ht18_Eriksson_keyserlingk: "No matching role found for rst_controller_001:reset_out:reset_req (reset_req)"
Warning: nios2_ht18_Eriksson_keyserlingk: "No matching role found for rst_controller_001:reset_out:reset_req (reset_req)"
Warning: nios2_ht18_Eriksson_keyserlingk: "No matching role found for rst_controller_001:reset_out:reset_req (reset_req)"
Warning: nios2_ht18_Eriksson_keyserlingk: "No matching role found for rst_controller_001:reset_out:reset_req (reset_req)"
Warning: nios2_ht18_Eriksson_keyserlingk: "No matching role found for rst_controller_001:reset_out:reset_req (reset_req)"
Warning: nios2_ht18_Eriksson_keyserlingk: "No matching role found for rst_controller_001:reset_out:reset_req (reset_req)"
Warning: nios2_ht18_Eriksson_keyserlingk: "No matching role found for rst_controller_001:reset_out:reset_req (reset_req)"
Warning: nios2_ht18_Eriksson_keyserlingk: "No matching role found for rst_controller_001:reset_out:reset_req (reset_req)"
Warning: nios2_ht18_Eriksson_keyserlingk: "No matching role found for rst_controller_001:reset_out:reset_req (reset_req)"
Warning: nios2_ht18_Eriksson_keyserlingk: "No matching role found for rst_controller_001:reset_out:reset_req (reset_req)"
Warning: nios2_ht18_Eriksson_keyserlingk: "No matching role found for rst_controller_001:reset_out:reset_req (reset_req)"
Warning: nios2_ht18_Eriksson_keyserlingk: "No matching role found for rst_controller_001:reset_out:reset_req (reset_req)"
Warning: nios2_ht18_Eriksson_keyserlingk: "No matching role found for rst_controller_001:reset_out:reset_req (reset_req)"
Warning: nios2_ht18_Eriksson_keyserlingk: "No matching role found for rst_controller_001:reset_out:reset_req (reset_req)"
Warning: nios2_ht18_Eriksson_keyserlingk: "No matching role found for rst_controller_001:reset_out:reset_req (reset_req)"
Warning: nios2_ht18_Eriksson_keyserlingk: "No matching role found for rst_controller_001:reset_out:reset_req (reset_req)"
Warning: nios2_ht18_Eriksson_keyserlingk: "No matching role found for rst_controller_001:reset_out:reset_req (reset_req)"
Warning: nios2_ht18_Eriksson_keyserlingk: "No matching role found for rst_controller_001:reset_out:reset_req (reset_req)"
Warning: nios2_ht18_Eriksson_keyserlingk: "No matching role found for rst_controller_001:reset_out:reset_req (reset_req)"
Warning: nios2_ht18_Eriksson_keyserlingk: "No matching role found for rst_controller_001:reset_out:reset_req (reset_req)"
Warning: nios2_ht18_Eriksson_keyserlingk: "No matching role found for rst_controller_001:reset_out:reset_req (reset_req)"
Warning: nios2_ht18_Eriksson_keyserlingk: "No matching role found for rst_controller_001:reset_out:reset_req (reset_req)"
Warning: nios2_ht18_Eriksson_keyserlingk: "No matching role found for rst_controller_001:reset_out:reset_req (reset_req)"
Warning: nios2_ht18_Eriksson_keyserlingk: "No matching role found for rst_controller_001:reset_out:reset_req (reset_req)"
Warning: nios2_ht18_Eriksson_keyserlingk: "No matching role found for rst_controller_001:reset_out:reset_req (reset_req)"
Warning: nios2_ht18_Eriksson_keyserlingk: "No matching role found for rst_controller_001:reset_out:reset_req (reset_req)"
Warning: nios2_ht18_Eriksson_keyserlingk: "No matching role found for rst_controller_001:reset_out:reset_req (reset_req)"
Warning: nios2_ht18_Eriksson_keyserlingk: "No matching role found for rst_controller_001:reset_out:reset_req (reset_req)"
Warning: nios2_ht18_Eriksson_keyserlingk: "No matching role found for rst_controller_001:reset_out:reset_req (reset_req)"
Warning: nios2_ht18_Eriksson_keyserlingk: "No matching role found for rst_controller_001:reset_out:reset_req (reset_req)"
Warning: nios2_ht18_Eriksson_keyserlingk: "No matching role found for rst_controller_001:reset_out:reset_req (reset_req)"
Warning: nios2_ht18_Eriksson_keyserlingk: "No matching role found for rst_controller_001:reset_out:reset_req (reset_req)"
Warning: nios2_ht18_Eriksson_keyserlingk: "No matching role found for rst_controller_001:reset_out:reset_req (reset_req)"
Warning: nios2_ht18_Eriksson_keyserlingk: "No matching role found for rst_controller_001:reset_out:reset_req (reset_req)"
Warning: nios2_ht18_Eriksson_keyserlingk: "No matching role found for rst_controller_001:reset_out:reset_req (reset_req)"
Warning: nios2_ht18_Eriksson_keyserlingk: "No matching role found for rst_controller_001:reset_out:reset_req (reset_req)"
Warning: nios2_ht18_Eriksson_keyserlingk: "No matching role found for rst_controller_001:reset_out:reset_req (reset_req)"
Warning: nios2_ht18_Eriksson_keyserlingk: "No matching role found for rst_controller_001:reset_out:reset_req (reset_req)"
Warning: nios2_ht18_Eriksson_keyserlingk: "No matching role found for rst_controller_001:reset_out:reset_req (reset_req)"
Warning: nios2_ht18_Eriksson_keyserlingk: "No matching role found for rst_controller_001:reset_out:reset_req (reset_req)"
Warning: nios2_ht18_Eriksson_keyserlingk: "No matching role found for rst_controller_001:reset_out:reset_req (reset_req)"
Warning: nios2_ht18_Eriksson_keyserlingk: "No matching role found for rst_controller_001:reset_out:reset_req (reset_req)"
Warning: nios2_ht18_Eriksson_keyserlingk: "No matching role found for rst_controller_001:reset_out:reset_req (reset_req)"
Warning: nios2_ht18_Eriksson_keyserlingk: "No matching role found for rst_controller_001:reset_out:reset_req (reset_req)"
Warning: nios2_ht18_Eriksson_keyserlingk: "No matching role found for rst_controller_001:reset_out:reset_req (reset_req)"
Warning: nios2_ht18_Eriksson_keyserlingk: "No matching role found for rst_controller_001:reset_out:reset_req (reset_req)"
Warning: nios2_ht18_Eriksson_keyserlingk: "No matching role found for rst_controller_001:reset_out:reset_req (reset_req)"
Warning: nios2_ht18_Eriksson_keyserlingk: "No matching role found for rst_controller_001:reset_out:reset_req (reset_req)"
Warning: nios2_ht18_Eriksson_keyserlingk: "No matching role found for rst_controller_001:reset_out:reset_req (reset_req)"
Warning: nios2_ht18_Eriksson_keyserlingk: "No matching role found for rst_controller_001:reset_out:reset_req (reset_req)"
Warning: nios2_ht18_Eriksson_keyserlingk: "No matching role found for rst_controller_001:reset_out:reset_req (reset_req)"
Warning: nios2_ht18_Eriksson_keyserlingk: "No matching role found for rst_controller_001:reset_out:reset_req (reset_req)"
Warning: nios2_ht18_Eriksson_keyserlingk: "No matching role found for rst_controller_001:reset_out:reset_req (reset_req)"
Warning: nios2_ht18_Eriksson_keyserlingk: "No matching role found for rst_controller_001:reset_out:reset_req (reset_req)"
Warning: nios2_ht18_Eriksson_keyserlingk: "No matching role found for rst_controller_001:reset_out:reset_req (reset_req)"
Warning: nios2_ht18_Eriksson_keyserlingk: "No matching role found for rst_controller_001:reset_out:reset_req (reset_req)"
Warning: nios2_ht18_Eriksson_keyserlingk: "No matching role found for rst_controller_001:reset_out:reset_req (reset_req)"
Warning: nios2_ht18_Eriksson_keyserlingk: "No matching role found for rst_controller_001:reset_out:reset_req (reset_req)"
Warning: nios2_ht18_Eriksson_keyserlingk: "No matching role found for rst_controller_001:reset_out:reset_req (reset_req)"
Warning: nios2_ht18_Eriksson_keyserlingk: "No matching role found for rst_controller_001:reset_out:reset_req (reset_req)"
Warning: nios2_ht18_Eriksson_keyserlingk: "No matching role found for rst_controller_001:reset_out:reset_req (reset_req)"
Warning: nios2_ht18_Eriksson_keyserlingk: "No matching role found for rst_controller_001:reset_out:reset_req (reset_req)"
Warning: nios2_ht18_Eriksson_keyserlingk: "No matching role found for rst_controller_001:reset_out:reset_req (reset_req)"
Warning: nios2_ht18_Eriksson_keyserlingk: "No matching role found for rst_controller_001:reset_out:reset_req (reset_req)"
Warning: nios2_ht18_Eriksson_keyserlingk: "No matching role found for rst_controller_001:reset_out:reset_req (reset_req)"
Warning: nios2_ht18_Eriksson_keyserlingk: "No matching role found for rst_controller_001:reset_out:reset_req (reset_req)"
Warning: nios2_ht18_Eriksson_keyserlingk: "No matching role found for rst_controller_001:reset_out:reset_req (reset_req)"
Warning: nios2_ht18_Eriksson_keyserlingk: "No matching role found for rst_controller_001:reset_out:reset_req (reset_req)"
Warning: nios2_ht18_Eriksson_keyserlingk: "No matching role found for rst_controller_001:reset_out:reset_req (reset_req)"
Warning: nios2_ht18_Eriksson_keyserlingk: "No matching role found for rst_controller_001:reset_out:reset_req (reset_req)"
Info: nios2_ht18_Eriksson_keyserlingk: Starting RTL generation for module 'nios2_ht18_Eriksson_keyserlingk_nios2_ht18_Eriksson_keyserlingk'
Info: nios2_ht18_Eriksson_keyserlingk:   Generation command is [exec /opt/altera/13.0sp1/quartus/../ip/altera/nios2_ip/altera_nios2/eperl -I /opt/altera/13.0sp1/quartus/common/ip/altera/common/perl/5.8.3 -I /opt/altera/13.0sp1/quartus/sopc_builder/bin/europa -I /opt/altera/13.0sp1/quartus/sopc_builder/bin/perl_lib -I /opt/altera/13.0sp1/quartus/sopc_builder/bin -I /opt/altera/13.0sp1/quartus/../ip/altera/nios2_ip/altera_nios2/cpu_lib -I /opt/altera/13.0sp1/quartus/../ip/altera/nios2_ip/altera_nios2/nios_lib -I /opt/altera/13.0sp1/quartus/../ip/altera/nios2_ip/altera_nios2 -I /opt/altera/13.0sp1/quartus/../ip/altera/nios2_ip/altera_nios2 -- /opt/altera/13.0sp1/quartus/../ip/altera/nios2_ip/altera_nios2/generate_rtl.epl --name=nios2_ht18_Eriksson_keyserlingk_nios2_ht18_Eriksson_keyserlingk --dir=/tmp/alt7794_5968722153705758826.dir/0242_nios2_ht18_Eriksson_keyserlingk_gen/ --quartus_dir=/opt/altera/13.0sp1/quartus --verilog --config=/tmp/alt7794_5968722153705758826.dir/0242_nios2_ht18_Eriksson_keyserlingk_gen//nios2_ht18_Eriksson_keyserlingk_nios2_ht18_Eriksson_keyserlingk_processor_configuration.pl  --do_build_sim=0    --bogus  ]
Info: nios2_ht18_Eriksson_keyserlingk: # 2018.09.21 13:53:05 (*) Starting Nios II generation
Info: nios2_ht18_Eriksson_keyserlingk: # 2018.09.21 13:53:05 (*)   Checking for plaintext license.
Info: nios2_ht18_Eriksson_keyserlingk: # 2018.09.21 13:53:07 (*)   Couldn't query license setup in Quartus directory /opt/altera/13.0sp1/quartus
Info: nios2_ht18_Eriksson_keyserlingk: # 2018.09.21 13:53:07 (*)   Defaulting to contents of LM_LICENSE_FILE environment variable
Info: nios2_ht18_Eriksson_keyserlingk: # 2018.09.21 13:53:07 (*)   Plaintext license not found.
Info: nios2_ht18_Eriksson_keyserlingk: # 2018.09.21 13:53:07 (*)   No license required to generate encrypted Nios II/e.
Info: nios2_ht18_Eriksson_keyserlingk: # 2018.09.21 13:53:07 (*)   Elaborating CPU configuration settings
Info: nios2_ht18_Eriksson_keyserlingk: # 2018.09.21 13:53:07 (*)   Creating all objects for CPU
Info: nios2_ht18_Eriksson_keyserlingk: # 2018.09.21 13:53:08 (*)   Generating RTL from CPU objects
Info: nios2_ht18_Eriksson_keyserlingk: # 2018.09.21 13:53:08 (*)   Creating plain-text RTL
Info: nios2_ht18_Eriksson_keyserlingk: # 2018.09.21 13:53:10 (*) Done Nios II generation
Info: nios2_ht18_Eriksson_keyserlingk: Done RTL generation for module 'nios2_ht18_Eriksson_keyserlingk_nios2_ht18_Eriksson_keyserlingk'
Info: nios2_ht18_Eriksson_keyserlingk: "nios2_ht18_Eriksson_keyserlingk" instantiated altera_nios2_qsys "nios2_ht18_Eriksson_keyserlingk"
Info: jtag_uart_0: Starting RTL generation for module 'nios2_ht18_Eriksson_keyserlingk_jtag_uart_0'
Info: jtag_uart_0:   Generation command is [exec /opt/altera/13.0sp1/quartus/linux/perl/bin/perl -I /opt/altera/13.0sp1/quartus/common/ip/altera/common/perl/5.8.3 -I /opt/altera/13.0sp1/quartus/sopc_builder/bin/europa -I /opt/altera/13.0sp1/quartus/sopc_builder/bin/perl_lib -I /opt/altera/13.0sp1/quartus/sopc_builder/bin -I /opt/altera/13.0sp1/quartus/../ip/altera/sopc_builder_ip/common -I /opt/altera/13.0sp1/quartus/../ip/altera/sopc_builder_ip/altera_avalon_jtag_uart -- /opt/altera/13.0sp1/quartus/../ip/altera/sopc_builder_ip/altera_avalon_jtag_uart/generate_rtl.pl --name=nios2_ht18_Eriksson_keyserlingk_jtag_uart_0 --dir=/tmp/alt7794_5968722153705758826.dir/0243_jtag_uart_0_gen/ --quartus_dir=/opt/altera/13.0sp1/quartus --verilog --config=/tmp/alt7794_5968722153705758826.dir/0243_jtag_uart_0_gen//nios2_ht18_Eriksson_keyserlingk_jtag_uart_0_component_configuration.pl  --do_build_sim=0  ]
Info: jtag_uart_0: Done RTL generation for module 'nios2_ht18_Eriksson_keyserlingk_jtag_uart_0'
Info: jtag_uart_0: "nios2_ht18_Eriksson_keyserlingk" instantiated altera_avalon_jtag_uart "jtag_uart_0"
Info: onchip_memory: Starting RTL generation for module 'nios2_ht18_Eriksson_keyserlingk_onchip_memory'
Info: onchip_memory:   Generation command is [exec /opt/altera/13.0sp1/quartus/linux/perl/bin/perl -I /opt/altera/13.0sp1/quartus/common/ip/altera/common/perl/5.8.3 -I /opt/altera/13.0sp1/quartus/sopc_builder/bin/europa -I /opt/altera/13.0sp1/quartus/sopc_builder/bin/perl_lib -I /opt/altera/13.0sp1/quartus/sopc_builder/bin -I /opt/altera/13.0sp1/quartus/../ip/altera/sopc_builder_ip/common -I /opt/altera/13.0sp1/quartus/../ip/altera/sopc_builder_ip/altera_avalon_onchip_memory2 -- /opt/altera/13.0sp1/quartus/../ip/altera/sopc_builder_ip/altera_avalon_onchip_memory2/generate_rtl.pl --name=nios2_ht18_Eriksson_keyserlingk_onchip_memory --dir=/tmp/alt7794_5968722153705758826.dir/0244_onchip_memory_gen/ --quartus_dir=/opt/altera/13.0sp1/quartus --verilog --config=/tmp/alt7794_5968722153705758826.dir/0244_onchip_memory_gen//nios2_ht18_Eriksson_keyserlingk_onchip_memory_component_configuration.pl  --do_build_sim=0  ]
Info: onchip_memory: Done RTL generation for module 'nios2_ht18_Eriksson_keyserlingk_onchip_memory'
Info: onchip_memory: "nios2_ht18_Eriksson_keyserlingk" instantiated altera_avalon_onchip_memory2 "onchip_memory"
Info: sram: Starting Generation of SRAM or SSRAM Controller
Info: sram: "nios2_ht18_Eriksson_keyserlingk" instantiated altera_up_avalon_sram "sram"
Info: sdram: Starting RTL generation for module 'nios2_ht18_Eriksson_keyserlingk_sdram'
Info: sdram:   Generation command is [exec /opt/altera/13.0sp1/quartus/linux/perl/bin/perl -I /opt/altera/13.0sp1/quartus/common/ip/altera/common/perl/5.8.3 -I /opt/altera/13.0sp1/quartus/sopc_builder/bin/europa -I /opt/altera/13.0sp1/quartus/sopc_builder/bin/perl_lib -I /opt/altera/13.0sp1/quartus/sopc_builder/bin -I /opt/altera/13.0sp1/quartus/../ip/altera/sopc_builder_ip/common -I /opt/altera/13.0sp1/quartus/../ip/altera/sopc_builder_ip/altera_avalon_new_sdram_controller -- /opt/altera/13.0sp1/quartus/../ip/altera/sopc_builder_ip/altera_avalon_new_sdram_controller/generate_rtl.pl --name=nios2_ht18_Eriksson_keyserlingk_sdram --dir=/tmp/alt7794_5968722153705758826.dir/0246_sdram_gen/ --quartus_dir=/opt/altera/13.0sp1/quartus --verilog --config=/tmp/alt7794_5968722153705758826.dir/0246_sdram_gen//nios2_ht18_Eriksson_keyserlingk_sdram_component_configuration.pl  --do_build_sim=0  ]
Info: sdram: Done RTL generation for module 'nios2_ht18_Eriksson_keyserlingk_sdram'
Info: sdram: "nios2_ht18_Eriksson_keyserlingk" instantiated altera_avalon_new_sdram_controller "sdram"
Info: timer_0: Starting RTL generation for module 'nios2_ht18_Eriksson_keyserlingk_timer_0'
Info: timer_0:   Generation command is [exec /opt/altera/13.0sp1/quartus/linux/perl/bin/perl -I /opt/altera/13.0sp1/quartus/common/ip/altera/common/perl/5.8.3 -I /opt/altera/13.0sp1/quartus/sopc_builder/bin/europa -I /opt/altera/13.0sp1/quartus/sopc_builder/bin/perl_lib -I /opt/altera/13.0sp1/quartus/sopc_builder/bin -I /opt/altera/13.0sp1/quartus/../ip/altera/sopc_builder_ip/common -I /opt/altera/13.0sp1/quartus/../ip/altera/sopc_builder_ip/altera_avalon_timer -- /opt/altera/13.0sp1/quartus/../ip/altera/sopc_builder_ip/altera_avalon_timer/generate_rtl.pl --name=nios2_ht18_Eriksson_keyserlingk_timer_0 --dir=/tmp/alt7794_5968722153705758826.dir/0247_timer_0_gen/ --quartus_dir=/opt/altera/13.0sp1/quartus --verilog --config=/tmp/alt7794_5968722153705758826.dir/0247_timer_0_gen//nios2_ht18_Eriksson_keyserlingk_timer_0_component_configuration.pl  --do_build_sim=0  ]
Info: timer_0: Done RTL generation for module 'nios2_ht18_Eriksson_keyserlingk_timer_0'
Info: timer_0: "nios2_ht18_Eriksson_keyserlingk" instantiated altera_avalon_timer "timer_0"
Info: timer_1: Starting RTL generation for module 'nios2_ht18_Eriksson_keyserlingk_timer_1'
Info: timer_1:   Generation command is [exec /opt/altera/13.0sp1/quartus/linux/perl/bin/perl -I /opt/altera/13.0sp1/quartus/common/ip/altera/common/perl/5.8.3 -I /opt/altera/13.0sp1/quartus/sopc_builder/bin/europa -I /opt/altera/13.0sp1/quartus/sopc_builder/bin/perl_lib -I /opt/altera/13.0sp1/quartus/sopc_builder/bin -I /opt/altera/13.0sp1/quartus/../ip/altera/sopc_builder_ip/common -I /opt/altera/13.0sp1/quartus/../ip/altera/sopc_builder_ip/altera_avalon_timer -- /opt/altera/13.0sp1/quartus/../ip/altera/sopc_builder_ip/altera_avalon_timer/generate_rtl.pl --name=nios2_ht18_Eriksson_keyserlingk_timer_1 --dir=/tmp/alt7794_5968722153705758826.dir/0248_timer_1_gen/ --quartus_dir=/opt/altera/13.0sp1/quartus --verilog --config=/tmp/alt7794_5968722153705758826.dir/0248_timer_1_gen//nios2_ht18_Eriksson_keyserlingk_timer_1_component_configuration.pl  --do_build_sim=0  ]
Info: timer_1: Done RTL generation for module 'nios2_ht18_Eriksson_keyserlingk_timer_1'
Info: timer_1: "nios2_ht18_Eriksson_keyserlingk" instantiated altera_avalon_timer "timer_1"
Info: p_counter: Starting RTL generation for module 'nios2_ht18_Eriksson_keyserlingk_p_counter'
Info: p_counter:   Generation command is [exec /opt/altera/13.0sp1/quartus/linux/perl/bin/perl -I /opt/altera/13.0sp1/quartus/common/ip/altera/common/perl/5.8.3 -I /opt/altera/13.0sp1/quartus/sopc_builder/bin/europa -I /opt/altera/13.0sp1/quartus/sopc_builder/bin/perl_lib -I /opt/altera/13.0sp1/quartus/sopc_builder/bin -I /opt/altera/13.0sp1/quartus/../ip/altera/sopc_builder_ip/common -I /opt/altera/13.0sp1/quartus/../ip/altera/sopc_builder_ip/altera_avalon_performance_counter -- /opt/altera/13.0sp1/quartus/../ip/altera/sopc_builder_ip/altera_avalon_performance_counter/generate_rtl.pl --name=nios2_ht18_Eriksson_keyserlingk_p_counter --dir=/tmp/alt7794_5968722153705758826.dir/0249_p_counter_gen/ --quartus_dir=/opt/altera/13.0sp1/quartus --verilog --config=/tmp/alt7794_5968722153705758826.dir/0249_p_counter_gen//nios2_ht18_Eriksson_keyserlingk_p_counter_component_configuration.pl  --do_build_sim=0  ]
Info: p_counter: Done RTL generation for module 'nios2_ht18_Eriksson_keyserlingk_p_counter'
Info: p_counter: "nios2_ht18_Eriksson_keyserlingk" instantiated altera_avalon_performance_counter "p_counter"
Info: ht18_Eriksson_keyserlingk: "nios2_ht18_Eriksson_keyserlingk" instantiated altera_avalon_sysid_qsys "ht18_Eriksson_keyserlingk"
Info: de2_pio_toggles18: Starting RTL generation for module 'nios2_ht18_Eriksson_keyserlingk_de2_pio_toggles18'
Info: de2_pio_toggles18:   Generation command is [exec /opt/altera/13.0sp1/quartus/linux/perl/bin/perl -I /opt/altera/13.0sp1/quartus/common/ip/altera/common/perl/5.8.3 -I /opt/altera/13.0sp1/quartus/sopc_builder/bin/europa -I /opt/altera/13.0sp1/quartus/sopc_builder/bin/perl_lib -I /opt/altera/13.0sp1/quartus/sopc_builder/bin -I /opt/altera/13.0sp1/quartus/../ip/altera/sopc_builder_ip/common -I /opt/altera/13.0sp1/quartus/../ip/altera/sopc_builder_ip/altera_avalon_pio -- /opt/altera/13.0sp1/quartus/../ip/altera/sopc_builder_ip/altera_avalon_pio/generate_rtl.pl --name=nios2_ht18_Eriksson_keyserlingk_de2_pio_toggles18 --dir=/tmp/alt7794_5968722153705758826.dir/0251_de2_pio_toggles18_gen/ --quartus_dir=/opt/altera/13.0sp1/quartus --verilog --config=/tmp/alt7794_5968722153705758826.dir/0251_de2_pio_toggles18_gen//nios2_ht18_Eriksson_keyserlingk_de2_pio_toggles18_component_configuration.pl  --do_build_sim=0  ]
Info: de2_pio_toggles18: Done RTL generation for module 'nios2_ht18_Eriksson_keyserlingk_de2_pio_toggles18'
Info: de2_pio_toggles18: "nios2_ht18_Eriksson_keyserlingk" instantiated altera_avalon_pio "de2_pio_toggles18"
Info: de2_pio_keys: Starting RTL generation for module 'nios2_ht18_Eriksson_keyserlingk_de2_pio_keys'
Info: de2_pio_keys:   Generation command is [exec /opt/altera/13.0sp1/quartus/linux/perl/bin/perl -I /opt/altera/13.0sp1/quartus/common/ip/altera/common/perl/5.8.3 -I /opt/altera/13.0sp1/quartus/sopc_builder/bin/europa -I /opt/altera/13.0sp1/quartus/sopc_builder/bin/perl_lib -I /opt/altera/13.0sp1/quartus/sopc_builder/bin -I /opt/altera/13.0sp1/quartus/../ip/altera/sopc_builder_ip/common -I /opt/altera/13.0sp1/quartus/../ip/altera/sopc_builder_ip/altera_avalon_pio -- /opt/altera/13.0sp1/quartus/../ip/altera/sopc_builder_ip/altera_avalon_pio/generate_rtl.pl --name=nios2_ht18_Eriksson_keyserlingk_de2_pio_keys --dir=/tmp/alt7794_5968722153705758826.dir/0252_de2_pio_keys_gen/ --quartus_dir=/opt/altera/13.0sp1/quartus --verilog --config=/tmp/alt7794_5968722153705758826.dir/0252_de2_pio_keys_gen//nios2_ht18_Eriksson_keyserlingk_de2_pio_keys_component_configuration.pl  --do_build_sim=0  ]
Info: de2_pio_keys: Done RTL generation for module 'nios2_ht18_Eriksson_keyserlingk_de2_pio_keys'
Info: de2_pio_keys: "nios2_ht18_Eriksson_keyserlingk" instantiated altera_avalon_pio "de2_pio_keys"
Info: de2_pio_redled18: Starting RTL generation for module 'nios2_ht18_Eriksson_keyserlingk_de2_pio_redled18'
Info: de2_pio_redled18:   Generation command is [exec /opt/altera/13.0sp1/quartus/linux/perl/bin/perl -I /opt/altera/13.0sp1/quartus/common/ip/altera/common/perl/5.8.3 -I /opt/altera/13.0sp1/quartus/sopc_builder/bin/europa -I /opt/altera/13.0sp1/quartus/sopc_builder/bin/perl_lib -I /opt/altera/13.0sp1/quartus/sopc_builder/bin -I /opt/altera/13.0sp1/quartus/../ip/altera/sopc_builder_ip/common -I /opt/altera/13.0sp1/quartus/../ip/altera/sopc_builder_ip/altera_avalon_pio -- /opt/altera/13.0sp1/quartus/../ip/altera/sopc_builder_ip/altera_avalon_pio/generate_rtl.pl --name=nios2_ht18_Eriksson_keyserlingk_de2_pio_redled18 --dir=/tmp/alt7794_5968722153705758826.dir/0253_de2_pio_redled18_gen/ --quartus_dir=/opt/altera/13.0sp1/quartus --verilog --config=/tmp/alt7794_5968722153705758826.dir/0253_de2_pio_redled18_gen//nios2_ht18_Eriksson_keyserlingk_de2_pio_redled18_component_configuration.pl  --do_build_sim=0  ]
Info: de2_pio_redled18: Done RTL generation for module 'nios2_ht18_Eriksson_keyserlingk_de2_pio_redled18'
Info: de2_pio_redled18: "nios2_ht18_Eriksson_keyserlingk" instantiated altera_avalon_pio "de2_pio_redled18"
Info: de2_pio_greenled9: Starting RTL generation for module 'nios2_ht18_Eriksson_keyserlingk_de2_pio_greenled9'
Info: de2_pio_greenled9:   Generation command is [exec /opt/altera/13.0sp1/quartus/linux/perl/bin/perl -I /opt/altera/13.0sp1/quartus/common/ip/altera/common/perl/5.8.3 -I /opt/altera/13.0sp1/quartus/sopc_builder/bin/europa -I /opt/altera/13.0sp1/quartus/sopc_builder/bin/perl_lib -I /opt/altera/13.0sp1/quartus/sopc_builder/bin -I /opt/altera/13.0sp1/quartus/../ip/altera/sopc_builder_ip/common -I /opt/altera/13.0sp1/quartus/../ip/altera/sopc_builder_ip/altera_avalon_pio -- /opt/altera/13.0sp1/quartus/../ip/altera/sopc_builder_ip/altera_avalon_pio/generate_rtl.pl --name=nios2_ht18_Eriksson_keyserlingk_de2_pio_greenled9 --dir=/tmp/alt7794_5968722153705758826.dir/0254_de2_pio_greenled9_gen/ --quartus_dir=/opt/altera/13.0sp1/quartus --verilog --config=/tmp/alt7794_5968722153705758826.dir/0254_de2_pio_greenled9_gen//nios2_ht18_Eriksson_keyserlingk_de2_pio_greenled9_component_configuration.pl  --do_build_sim=0  ]
Info: de2_pio_greenled9: Done RTL generation for module 'nios2_ht18_Eriksson_keyserlingk_de2_pio_greenled9'
Info: de2_pio_greenled9: "nios2_ht18_Eriksson_keyserlingk" instantiated altera_avalon_pio "de2_pio_greenled9"
Info: de2_pio_hex_high28: Starting RTL generation for module 'nios2_ht18_Eriksson_keyserlingk_de2_pio_hex_high28'
Info: de2_pio_hex_high28:   Generation command is [exec /opt/altera/13.0sp1/quartus/linux/perl/bin/perl -I /opt/altera/13.0sp1/quartus/common/ip/altera/common/perl/5.8.3 -I /opt/altera/13.0sp1/quartus/sopc_builder/bin/europa -I /opt/altera/13.0sp1/quartus/sopc_builder/bin/perl_lib -I /opt/altera/13.0sp1/quartus/sopc_builder/bin -I /opt/altera/13.0sp1/quartus/../ip/altera/sopc_builder_ip/common -I /opt/altera/13.0sp1/quartus/../ip/altera/sopc_builder_ip/altera_avalon_pio -- /opt/altera/13.0sp1/quartus/../ip/altera/sopc_builder_ip/altera_avalon_pio/generate_rtl.pl --name=nios2_ht18_Eriksson_keyserlingk_de2_pio_hex_high28 --dir=/tmp/alt7794_5968722153705758826.dir/0255_de2_pio_hex_high28_gen/ --quartus_dir=/opt/altera/13.0sp1/quartus --verilog --config=/tmp/alt7794_5968722153705758826.dir/0255_de2_pio_hex_high28_gen//nios2_ht18_Eriksson_keyserlingk_de2_pio_hex_high28_component_configuration.pl  --do_build_sim=0  ]
Info: de2_pio_hex_high28: Done RTL generation for module 'nios2_ht18_Eriksson_keyserlingk_de2_pio_hex_high28'
Info: de2_pio_hex_high28: "nios2_ht18_Eriksson_keyserlingk" instantiated altera_avalon_pio "de2_pio_hex_high28"
Info: up_clocks_0: Starting Generation of Required Clocks for DE-Series Boards
Info: up_clocks_0: "nios2_ht18_Eriksson_keyserlingk" instantiated altera_up_clocks "up_clocks_0"
Info: nios2_ht18_Eriksson_keyserlingk_instruction_master_translator: "nios2_ht18_Eriksson_keyserlingk" instantiated altera_merlin_master_translator "nios2_ht18_Eriksson_keyserlingk_instruction_master_translator"
Info: nios2_ht18_Eriksson_keyserlingk_jtag_debug_module_translator: "nios2_ht18_Eriksson_keyserlingk" instantiated altera_merlin_slave_translator "nios2_ht18_Eriksson_keyserlingk_jtag_debug_module_translator"
Info: nios2_ht18_Eriksson_keyserlingk_instruction_master_translator_avalon_universal_master_0_agent: "nios2_ht18_Eriksson_keyserlingk" instantiated altera_merlin_master_agent "nios2_ht18_Eriksson_keyserlingk_instruction_master_translator_avalon_universal_master_0_agent"
Info: nios2_ht18_Eriksson_keyserlingk_jtag_debug_module_translator_avalon_universal_slave_0_agent: "nios2_ht18_Eriksson_keyserlingk" instantiated altera_merlin_slave_agent "nios2_ht18_Eriksson_keyserlingk_jtag_debug_module_translator_avalon_universal_slave_0_agent"
Info: nios2_ht18_Eriksson_keyserlingk_jtag_debug_module_translator_avalon_universal_slave_0_agent_rsp_fifo: "nios2_ht18_Eriksson_keyserlingk" instantiated altera_avalon_sc_fifo "nios2_ht18_Eriksson_keyserlingk_jtag_debug_module_translator_avalon_universal_slave_0_agent_rsp_fifo"
Info: addr_router: "nios2_ht18_Eriksson_keyserlingk" instantiated altera_merlin_router "addr_router"
Info: addr_router_001: "nios2_ht18_Eriksson_keyserlingk" instantiated altera_merlin_router "addr_router_001"
Info: id_router: "nios2_ht18_Eriksson_keyserlingk" instantiated altera_merlin_router "id_router"
Info: id_router_003: "nios2_ht18_Eriksson_keyserlingk" instantiated altera_merlin_router "id_router_003"
Info: id_router_004: "nios2_ht18_Eriksson_keyserlingk" instantiated altera_merlin_router "id_router_004"
Info: id_router_013: "nios2_ht18_Eriksson_keyserlingk" instantiated altera_merlin_router "id_router_013"
Info: burst_adapter: "nios2_ht18_Eriksson_keyserlingk" instantiated altera_merlin_burst_adapter "burst_adapter"
Info: rst_controller: "nios2_ht18_Eriksson_keyserlingk" instantiated altera_reset_controller "rst_controller"
Info: cmd_xbar_demux: "nios2_ht18_Eriksson_keyserlingk" instantiated altera_merlin_demultiplexer "cmd_xbar_demux"
Info: cmd_xbar_demux_001: "nios2_ht18_Eriksson_keyserlingk" instantiated altera_merlin_demultiplexer "cmd_xbar_demux_001"
Info: cmd_xbar_mux: "nios2_ht18_Eriksson_keyserlingk" instantiated altera_merlin_multiplexer "cmd_xbar_mux"
Info: rsp_xbar_demux: "nios2_ht18_Eriksson_keyserlingk" instantiated altera_merlin_demultiplexer "rsp_xbar_demux"
Info: rsp_xbar_demux_004: "nios2_ht18_Eriksson_keyserlingk" instantiated altera_merlin_demultiplexer "rsp_xbar_demux_004"
Info: rsp_xbar_mux: "nios2_ht18_Eriksson_keyserlingk" instantiated altera_merlin_multiplexer "rsp_xbar_mux"
Info: Reusing file /home/student/Documents/IL2206/hardware/nios2_ht18_Eriksson_Keyserlingk/nios2_ht18_Eriksson_keyserlingk/synthesis/submodules/altera_merlin_arbitrator.sv
Info: rsp_xbar_mux_001: "nios2_ht18_Eriksson_keyserlingk" instantiated altera_merlin_multiplexer "rsp_xbar_mux_001"
Info: Reusing file /home/student/Documents/IL2206/hardware/nios2_ht18_Eriksson_Keyserlingk/nios2_ht18_Eriksson_keyserlingk/synthesis/submodules/altera_merlin_arbitrator.sv
Info: width_adapter: "nios2_ht18_Eriksson_keyserlingk" instantiated altera_merlin_width_adapter "width_adapter"
Info: Reusing file /home/student/Documents/IL2206/hardware/nios2_ht18_Eriksson_Keyserlingk/nios2_ht18_Eriksson_keyserlingk/synthesis/submodules/altera_merlin_address_alignment.sv
Info: Reusing file /home/student/Documents/IL2206/hardware/nios2_ht18_Eriksson_Keyserlingk/nios2_ht18_Eriksson_keyserlingk/synthesis/submodules/altera_merlin_burst_uncompressor.sv
Info: irq_mapper: "nios2_ht18_Eriksson_keyserlingk" instantiated altera_irq_mapper "irq_mapper"
Info: nios2_ht18_Eriksson_keyserlingk: Done nios2_ht18_Eriksson_keyserlingk" with 38 modules, 161 files, 3339388 bytes
Info: ip-generate succeeded.
Info: Finished: Create HDL design files for synthesis
