Info: Starting: Create block symbol file (.bsf)
Info: ip-generate --project-directory=/home/student/Documents/IL2206/hardware/nios2_ht18_Eriksson_Keyserlingk/ --output-directory=/home/student/Documents/IL2206/hardware/nios2_ht18_Eriksson_Keyserlingk/nios2_ht18_Eriksson_keyserlingk/ --report-file=bsf:/home/student/Documents/IL2206/hardware/nios2_ht18_Eriksson_Keyserlingk/nios2_ht18_Eriksson_keyserlingk.bsf --system-info=DEVICE_FAMILY="Cyclone II" --system-info=DEVICE=EP2C35F672C6 --system-info=DEVICE_SPEEDGRADE=6 --component-file=/home/student/Documents/IL2206/hardware/nios2_ht18_Eriksson_Keyserlingk/nios2_ht18_Eriksson_keyserlingk.qsys
Progress: Loading nios2_ht18_Eriksson_Keyserlingk/nios2_ht18_Eriksson_keyserlingk.qsys
Progress: Reading input file
Progress: Adding clk [clock_source 13.0]
Progress: Parameterizing module clk
Progress: Adding nios2_ht18_Eriksson_keyserlingk [altera_nios2_qsys 13.0]
Progress: Parameterizing module nios2_ht18_Eriksson_keyserlingk
Progress: Adding jtag_uart_0 [altera_avalon_jtag_uart 13.0.1.99.2]
Progress: Parameterizing module jtag_uart_0
Progress: Adding onchip_memory [altera_avalon_onchip_memory2 13.0.1.99.2]
Progress: Parameterizing module onchip_memory
Progress: Adding sram [altera_up_avalon_sram 13.0]
Progress: Parameterizing module sram
Progress: Adding sdram [altera_avalon_new_sdram_controller 13.0.1.99.2]
Progress: Parameterizing module sdram
Progress: Adding timer_0 [altera_avalon_timer 13.0.1.99.2]
Progress: Parameterizing module timer_0
Progress: Adding timer_1 [altera_avalon_timer 13.0.1.99.2]
Progress: Parameterizing module timer_1
Progress: Adding p_counter [altera_avalon_performance_counter 13.0.1.99.2]
Progress: Parameterizing module p_counter
Progress: Adding ht18_Eriksson_keyserlingk [altera_avalon_sysid_qsys 13.0]
Progress: Parameterizing module ht18_Eriksson_keyserlingk
Progress: Adding de2_pio_toggles18 [altera_avalon_pio 13.0.1.99.2]
Progress: Parameterizing module de2_pio_toggles18
Progress: Adding de2_pio_keys [altera_avalon_pio 13.0.1.99.2]
Progress: Parameterizing module de2_pio_keys
Progress: Adding de2_pio_redled18 [altera_avalon_pio 13.0.1.99.2]
Progress: Parameterizing module de2_pio_redled18
Progress: Adding de2_pio_greenled9 [altera_avalon_pio 13.0.1.99.2]
Progress: Parameterizing module de2_pio_greenled9
Progress: Adding de2_pio_hex_high28 [altera_avalon_pio 13.0.1.99.2]
Progress: Parameterizing module de2_pio_hex_high28
Progress: Adding de2_pio_hex_low28 [altera_avalon_pio 13.0.1.99.2]
Progress: Parameterizing module de2_pio_hex_low28
Progress: Building connections
Progress: Parameterizing connections
Progress: Validating
Progress: Done reading input file
Info: nios2_ht18_Eriksson_keyserlingk.ht18_Eriksson_keyserlingk: System ID is not assigned automatically. Edit the System ID parameter to provide a unique ID
Info: nios2_ht18_Eriksson_keyserlingk.ht18_Eriksson_keyserlingk: Time stamp will be automatically updated when this component is generated.
Info: nios2_ht18_Eriksson_keyserlingk.de2_pio_toggles18: PIO inputs are not hardwired in test bench. Undefined values will be read from PIO inputs during simulation.
Info: nios2_ht18_Eriksson_keyserlingk.de2_pio_keys: PIO inputs are not hardwired in test bench. Undefined values will be read from PIO inputs during simulation.
Warning: nios2_ht18_Eriksson_keyserlingk.de2_pio_toggles18: de2_pio_toggles18.external_connection must be exported, or connected to a matching conduit.
Warning: nios2_ht18_Eriksson_keyserlingk.de2_pio_keys: de2_pio_keys.external_connection must be exported, or connected to a matching conduit.
Warning: nios2_ht18_Eriksson_keyserlingk.de2_pio_redled18: de2_pio_redled18.external_connection must be exported, or connected to a matching conduit.
Warning: nios2_ht18_Eriksson_keyserlingk.de2_pio_greenled9: de2_pio_greenled9.external_connection must be exported, or connected to a matching conduit.
Warning: nios2_ht18_Eriksson_keyserlingk.de2_pio_hex_high28: de2_pio_hex_high28.external_connection must be exported, or connected to a matching conduit.
Warning: nios2_ht18_Eriksson_keyserlingk.de2_pio_hex_low28: de2_pio_hex_low28.external_connection must be exported, or connected to a matching conduit.
Info: ip-generate succeeded.
Info: Finished: Create block symbol file (.bsf)
Info: 
Info: Starting: Create HDL design files for synthesis
Info: ip-generate --project-directory=/home/student/Documents/IL2206/hardware/nios2_ht18_Eriksson_Keyserlingk/ --output-directory=/home/student/Documents/IL2206/hardware/nios2_ht18_Eriksson_Keyserlingk/nios2_ht18_Eriksson_keyserlingk/synthesis/ --file-set=QUARTUS_SYNTH --report-file=sopcinfo:/home/student/Documents/IL2206/hardware/nios2_ht18_Eriksson_Keyserlingk/nios2_ht18_Eriksson_keyserlingk.sopcinfo --report-file=html:/home/student/Documents/IL2206/hardware/nios2_ht18_Eriksson_Keyserlingk/nios2_ht18_Eriksson_keyserlingk.html --report-file=qip:/home/student/Documents/IL2206/hardware/nios2_ht18_Eriksson_Keyserlingk/nios2_ht18_Eriksson_keyserlingk/synthesis/nios2_ht18_Eriksson_keyserlingk.qip --report-file=cmp:/home/student/Documents/IL2206/hardware/nios2_ht18_Eriksson_Keyserlingk/nios2_ht18_Eriksson_keyserlingk.cmp --report-file=svd --system-info=DEVICE_FAMILY="Cyclone II" --system-info=DEVICE=EP2C35F672C6 --system-info=DEVICE_SPEEDGRADE=6 --component-file=/home/student/Documents/IL2206/hardware/nios2_ht18_Eriksson_Keyserlingk/nios2_ht18_Eriksson_keyserlingk.qsys --language=VERILOG
Progress: Loading nios2_ht18_Eriksson_Keyserlingk/nios2_ht18_Eriksson_keyserlingk.qsys
Progress: Reading input file
Progress: Adding clk [clock_source 13.0]
Progress: Parameterizing module clk
Progress: Adding nios2_ht18_Eriksson_keyserlingk [altera_nios2_qsys 13.0]
Progress: Parameterizing module nios2_ht18_Eriksson_keyserlingk
Progress: Adding jtag_uart_0 [altera_avalon_jtag_uart 13.0.1.99.2]
Progress: Parameterizing module jtag_uart_0
Progress: Adding onchip_memory [altera_avalon_onchip_memory2 13.0.1.99.2]
Progress: Parameterizing module onchip_memory
Progress: Adding sram [altera_up_avalon_sram 13.0]
Progress: Parameterizing module sram
Progress: Adding sdram [altera_avalon_new_sdram_controller 13.0.1.99.2]
Progress: Parameterizing module sdram
Progress: Adding timer_0 [altera_avalon_timer 13.0.1.99.2]
Progress: Parameterizing module timer_0
Progress: Adding timer_1 [altera_avalon_timer 13.0.1.99.2]
Progress: Parameterizing module timer_1
Progress: Adding p_counter [altera_avalon_performance_counter 13.0.1.99.2]
Progress: Parameterizing module p_counter
Progress: Adding ht18_Eriksson_keyserlingk [altera_avalon_sysid_qsys 13.0]
Progress: Parameterizing module ht18_Eriksson_keyserlingk
Progress: Adding de2_pio_toggles18 [altera_avalon_pio 13.0.1.99.2]
Progress: Parameterizing module de2_pio_toggles18
Progress: Adding de2_pio_keys [altera_avalon_pio 13.0.1.99.2]
Progress: Parameterizing module de2_pio_keys
Progress: Adding de2_pio_redled18 [altera_avalon_pio 13.0.1.99.2]
Progress: Parameterizing module de2_pio_redled18
Progress: Adding de2_pio_greenled9 [altera_avalon_pio 13.0.1.99.2]
Progress: Parameterizing module de2_pio_greenled9
Progress: Adding de2_pio_hex_high28 [altera_avalon_pio 13.0.1.99.2]
Progress: Parameterizing module de2_pio_hex_high28
Progress: Adding de2_pio_hex_low28 [altera_avalon_pio 13.0.1.99.2]
Progress: Parameterizing module de2_pio_hex_low28
Progress: Building connections
Progress: Parameterizing connections
Progress: Validating
Progress: Done reading input file
Info: nios2_ht18_Eriksson_keyserlingk.ht18_Eriksson_keyserlingk: System ID is not assigned automatically. Edit the System ID parameter to provide a unique ID
Info: nios2_ht18_Eriksson_keyserlingk.ht18_Eriksson_keyserlingk: Time stamp will be automatically updated when this component is generated.
Info: nios2_ht18_Eriksson_keyserlingk.de2_pio_toggles18: PIO inputs are not hardwired in test bench. Undefined values will be read from PIO inputs during simulation.
Info: nios2_ht18_Eriksson_keyserlingk.de2_pio_keys: PIO inputs are not hardwired in test bench. Undefined values will be read from PIO inputs during simulation.
Warning: nios2_ht18_Eriksson_keyserlingk.de2_pio_toggles18: de2_pio_toggles18.external_connection must be exported, or connected to a matching conduit.
Warning: nios2_ht18_Eriksson_keyserlingk.de2_pio_keys: de2_pio_keys.external_connection must be exported, or connected to a matching conduit.
Warning: nios2_ht18_Eriksson_keyserlingk.de2_pio_redled18: de2_pio_redled18.external_connection must be exported, or connected to a matching conduit.
Warning: nios2_ht18_Eriksson_keyserlingk.de2_pio_greenled9: de2_pio_greenled9.external_connection must be exported, or connected to a matching conduit.
Warning: nios2_ht18_Eriksson_keyserlingk.de2_pio_hex_high28: de2_pio_hex_high28.external_connection must be exported, or connected to a matching conduit.
Warning: nios2_ht18_Eriksson_keyserlingk.de2_pio_hex_low28: de2_pio_hex_low28.external_connection must be exported, or connected to a matching conduit.
Info: nios2_ht18_Eriksson_keyserlingk: Generating nios2_ht18_Eriksson_keyserlingk "nios2_ht18_Eriksson_keyserlingk" for QUARTUS_SYNTH
Info: pipeline_bridge_swap_transform: After transform: 13 modules, 56 connections
Info: No custom instruction connections, skipping transform 
Info: merlin_translator_transform: After transform: 27 modules, 112 connections
Info: merlin_domain_transform: After transform: 54 modules, 295 connections
Info: merlin_router_transform: After transform: 68 modules, 351 connections
Info: reset_adaptation_transform: After transform: 69 modules, 274 connections
Info: merlin_network_to_switch_transform: After transform: 96 modules, 332 connections
Info: merlin_mm_transform: After transform: 96 modules, 332 connections
Info: merlin_interrupt_mapper_transform: After transform: 97 modules, 335 connections
Warning: nios2_ht18_Eriksson_keyserlingk: "No matching role found for rst_controller:reset_out:reset_req (reset_req)"
Warning: nios2_ht18_Eriksson_keyserlingk: "No matching role found for rst_controller:reset_out:reset_req (reset_req)"
Warning: nios2_ht18_Eriksson_keyserlingk: "No matching role found for rst_controller:reset_out:reset_req (reset_req)"
Warning: nios2_ht18_Eriksson_keyserlingk: "No matching role found for rst_controller:reset_out:reset_req (reset_req)"
Warning: nios2_ht18_Eriksson_keyserlingk: "No matching role found for rst_controller:reset_out:reset_req (reset_req)"
Warning: nios2_ht18_Eriksson_keyserlingk: "No matching role found for rst_controller:reset_out:reset_req (reset_req)"
Warning: nios2_ht18_Eriksson_keyserlingk: "No matching role found for rst_controller:reset_out:reset_req (reset_req)"
Warning: nios2_ht18_Eriksson_keyserlingk: "No matching role found for rst_controller:reset_out:reset_req (reset_req)"
Warning: nios2_ht18_Eriksson_keyserlingk: "No matching role found for rst_controller:reset_out:reset_req (reset_req)"
Warning: nios2_ht18_Eriksson_keyserlingk: "No matching role found for rst_controller:reset_out:reset_req (reset_req)"
Warning: nios2_ht18_Eriksson_keyserlingk: "No matching role found for rst_controller:reset_out:reset_req (reset_req)"
Warning: nios2_ht18_Eriksson_keyserlingk: "No matching role found for rst_controller:reset_out:reset_req (reset_req)"
Warning: nios2_ht18_Eriksson_keyserlingk: "No matching role found for rst_controller:reset_out:reset_req (reset_req)"
Warning: nios2_ht18_Eriksson_keyserlingk: "No matching role found for rst_controller:reset_out:reset_req (reset_req)"
Warning: nios2_ht18_Eriksson_keyserlingk: "No matching role found for rst_controller:reset_out:reset_req (reset_req)"
Warning: nios2_ht18_Eriksson_keyserlingk: "No matching role found for rst_controller:reset_out:reset_req (reset_req)"
Warning: nios2_ht18_Eriksson_keyserlingk: "No matching role found for rst_controller:reset_out:reset_req (reset_req)"
Warning: nios2_ht18_Eriksson_keyserlingk: "No matching role found for rst_controller:reset_out:reset_req (reset_req)"
Warning: nios2_ht18_Eriksson_keyserlingk: "No matching role found for rst_controller:reset_out:reset_req (reset_req)"
Warning: nios2_ht18_Eriksson_keyserlingk: "No matching role found for rst_controller:reset_out:reset_req (reset_req)"
Warning: nios2_ht18_Eriksson_keyserlingk: "No matching role found for rst_controller:reset_out:reset_req (reset_req)"
Warning: nios2_ht18_Eriksson_keyserlingk: "No matching role found for rst_controller:reset_out:reset_req (reset_req)"
Warning: nios2_ht18_Eriksson_keyserlingk: "No matching role found for rst_controller:reset_out:reset_req (reset_req)"
Warning: nios2_ht18_Eriksson_keyserlingk: "No matching role found for rst_controller:reset_out:reset_req (reset_req)"
Warning: nios2_ht18_Eriksson_keyserlingk: "No matching role found for rst_controller:reset_out:reset_req (reset_req)"
Warning: nios2_ht18_Eriksson_keyserlingk: "No matching role found for rst_controller:reset_out:reset_req (reset_req)"
Warning: nios2_ht18_Eriksson_keyserlingk: "No matching role found for rst_controller:reset_out:reset_req (reset_req)"
Warning: nios2_ht18_Eriksson_keyserlingk: "No matching role found for rst_controller:reset_out:reset_req (reset_req)"
Warning: nios2_ht18_Eriksson_keyserlingk: "No matching role found for rst_controller:reset_out:reset_req (reset_req)"
Warning: nios2_ht18_Eriksson_keyserlingk: "No matching role found for rst_controller:reset_out:reset_req (reset_req)"
Warning: nios2_ht18_Eriksson_keyserlingk: "No matching role found for rst_controller:reset_out:reset_req (reset_req)"
Warning: nios2_ht18_Eriksson_keyserlingk: "No matching role found for rst_controller:reset_out:reset_req (reset_req)"
Warning: nios2_ht18_Eriksson_keyserlingk: "No matching role found for rst_controller:reset_out:reset_req (reset_req)"
Warning: nios2_ht18_Eriksson_keyserlingk: "No matching role found for rst_controller:reset_out:reset_req (reset_req)"
Warning: nios2_ht18_Eriksson_keyserlingk: "No matching role found for rst_controller:reset_out:reset_req (reset_req)"
Warning: nios2_ht18_Eriksson_keyserlingk: "No matching role found for rst_controller:reset_out:reset_req (reset_req)"
Warning: nios2_ht18_Eriksson_keyserlingk: "No matching role found for rst_controller:reset_out:reset_req (reset_req)"
Warning: nios2_ht18_Eriksson_keyserlingk: "No matching role found for rst_controller:reset_out:reset_req (reset_req)"
Warning: nios2_ht18_Eriksson_keyserlingk: "No matching role found for rst_controller:reset_out:reset_req (reset_req)"
Warning: nios2_ht18_Eriksson_keyserlingk: "No matching role found for rst_controller:reset_out:reset_req (reset_req)"
Warning: nios2_ht18_Eriksson_keyserlingk: "No matching role found for rst_controller:reset_out:reset_req (reset_req)"
Warning: nios2_ht18_Eriksson_keyserlingk: "No matching role found for rst_controller:reset_out:reset_req (reset_req)"
Warning: nios2_ht18_Eriksson_keyserlingk: "No matching role found for rst_controller:reset_out:reset_req (reset_req)"
Warning: nios2_ht18_Eriksson_keyserlingk: "No matching role found for rst_controller:reset_out:reset_req (reset_req)"
Warning: nios2_ht18_Eriksson_keyserlingk: "No matching role found for rst_controller:reset_out:reset_req (reset_req)"
Warning: nios2_ht18_Eriksson_keyserlingk: "No matching role found for rst_controller:reset_out:reset_req (reset_req)"
Warning: nios2_ht18_Eriksson_keyserlingk: "No matching role found for rst_controller:reset_out:reset_req (reset_req)"
Warning: nios2_ht18_Eriksson_keyserlingk: "No matching role found for rst_controller:reset_out:reset_req (reset_req)"
Warning: nios2_ht18_Eriksson_keyserlingk: "No matching role found for rst_controller:reset_out:reset_req (reset_req)"
Warning: nios2_ht18_Eriksson_keyserlingk: "No matching role found for rst_controller:reset_out:reset_req (reset_req)"
Warning: nios2_ht18_Eriksson_keyserlingk: "No matching role found for rst_controller:reset_out:reset_req (reset_req)"
Warning: nios2_ht18_Eriksson_keyserlingk: "No matching role found for rst_controller:reset_out:reset_req (reset_req)"
Warning: nios2_ht18_Eriksson_keyserlingk: "No matching role found for rst_controller:reset_out:reset_req (reset_req)"
Warning: nios2_ht18_Eriksson_keyserlingk: "No matching role found for rst_controller:reset_out:reset_req (reset_req)"
Warning: nios2_ht18_Eriksson_keyserlingk: "No matching role found for rst_controller:reset_out:reset_req (reset_req)"
Warning: nios2_ht18_Eriksson_keyserlingk: "No matching role found for rst_controller:reset_out:reset_req (reset_req)"
Warning: nios2_ht18_Eriksson_keyserlingk: "No matching role found for rst_controller:reset_out:reset_req (reset_req)"
Warning: nios2_ht18_Eriksson_keyserlingk: "No matching role found for rst_controller:reset_out:reset_req (reset_req)"
Warning: nios2_ht18_Eriksson_keyserlingk: "No matching role found for rst_controller:reset_out:reset_req (reset_req)"
Warning: nios2_ht18_Eriksson_keyserlingk: "No matching role found for rst_controller:reset_out:reset_req (reset_req)"
Warning: nios2_ht18_Eriksson_keyserlingk: "No matching role found for rst_controller:reset_out:reset_req (reset_req)"
Warning: nios2_ht18_Eriksson_keyserlingk: "No matching role found for rst_controller:reset_out:reset_req (reset_req)"
Warning: nios2_ht18_Eriksson_keyserlingk: "No matching role found for rst_controller:reset_out:reset_req (reset_req)"
Warning: nios2_ht18_Eriksson_keyserlingk: "No matching role found for rst_controller:reset_out:reset_req (reset_req)"
Warning: nios2_ht18_Eriksson_keyserlingk: "No matching role found for rst_controller:reset_out:reset_req (reset_req)"
Warning: nios2_ht18_Eriksson_keyserlingk: "No matching role found for rst_controller:reset_out:reset_req (reset_req)"
Warning: nios2_ht18_Eriksson_keyserlingk: "No matching role found for rst_controller:reset_out:reset_req (reset_req)"
Warning: nios2_ht18_Eriksson_keyserlingk: "No matching role found for rst_controller:reset_out:reset_req (reset_req)"
Warning: nios2_ht18_Eriksson_keyserlingk: "No matching role found for rst_controller:reset_out:reset_req (reset_req)"
Warning: nios2_ht18_Eriksson_keyserlingk: "No matching role found for rst_controller:reset_out:reset_req (reset_req)"
Warning: nios2_ht18_Eriksson_keyserlingk: "No matching role found for rst_controller:reset_out:reset_req (reset_req)"
Warning: nios2_ht18_Eriksson_keyserlingk: "No matching role found for rst_controller:reset_out:reset_req (reset_req)"
Warning: nios2_ht18_Eriksson_keyserlingk: "No matching role found for rst_controller:reset_out:reset_req (reset_req)"
Warning: nios2_ht18_Eriksson_keyserlingk: "No matching role found for rst_controller:reset_out:reset_req (reset_req)"
Warning: nios2_ht18_Eriksson_keyserlingk: "No matching role found for rst_controller:reset_out:reset_req (reset_req)"
Warning: nios2_ht18_Eriksson_keyserlingk: "No matching role found for rst_controller:reset_out:reset_req (reset_req)"
Warning: nios2_ht18_Eriksson_keyserlingk: "No matching role found for rst_controller:reset_out:reset_req (reset_req)"
Warning: nios2_ht18_Eriksson_keyserlingk: "No matching role found for rst_controller:reset_out:reset_req (reset_req)"
Warning: nios2_ht18_Eriksson_keyserlingk: "No matching role found for rst_controller:reset_out:reset_req (reset_req)"
Warning: nios2_ht18_Eriksson_keyserlingk: "No matching role found for rst_controller:reset_out:reset_req (reset_req)"
Warning: nios2_ht18_Eriksson_keyserlingk: "No matching role found for rst_controller:reset_out:reset_req (reset_req)"
Warning: nios2_ht18_Eriksson_keyserlingk: "No matching role found for rst_controller:reset_out:reset_req (reset_req)"
Warning: nios2_ht18_Eriksson_keyserlingk: "No matching role found for rst_controller:reset_out:reset_req (reset_req)"
Warning: nios2_ht18_Eriksson_keyserlingk: "No matching role found for rst_controller:reset_out:reset_req (reset_req)"
Warning: nios2_ht18_Eriksson_keyserlingk: "No matching role found for rst_controller:reset_out:reset_req (reset_req)"
Warning: nios2_ht18_Eriksson_keyserlingk: "No matching role found for rst_controller:reset_out:reset_req (reset_req)"
Warning: nios2_ht18_Eriksson_keyserlingk: "No matching role found for rst_controller:reset_out:reset_req (reset_req)"
Warning: nios2_ht18_Eriksson_keyserlingk: "No matching role found for rst_controller:reset_out:reset_req (reset_req)"
Warning: nios2_ht18_Eriksson_keyserlingk: "No matching role found for rst_controller:reset_out:reset_req (reset_req)"
Warning: nios2_ht18_Eriksson_keyserlingk: "No matching role found for rst_controller:reset_out:reset_req (reset_req)"
Warning: nios2_ht18_Eriksson_keyserlingk: "No matching role found for rst_controller:reset_out:reset_req (reset_req)"
Warning: nios2_ht18_Eriksson_keyserlingk: "No matching role found for rst_controller:reset_out:reset_req (reset_req)"
Warning: nios2_ht18_Eriksson_keyserlingk: "No matching role found for rst_controller:reset_out:reset_req (reset_req)"
Warning: nios2_ht18_Eriksson_keyserlingk: "No matching role found for rst_controller:reset_out:reset_req (reset_req)"
Info: nios2_ht18_Eriksson_keyserlingk: Starting RTL generation for module 'nios2_ht18_Eriksson_keyserlingk_nios2_ht18_Eriksson_keyserlingk'
Info: nios2_ht18_Eriksson_keyserlingk:   Generation command is [exec /opt/altera/13.0sp1/quartus/../ip/altera/nios2_ip/altera_nios2/eperl -I /opt/altera/13.0sp1/quartus/common/ip/altera/common/perl/5.8.3 -I /opt/altera/13.0sp1/quartus/sopc_builder/bin/europa -I /opt/altera/13.0sp1/quartus/sopc_builder/bin/perl_lib -I /opt/altera/13.0sp1/quartus/sopc_builder/bin -I /opt/altera/13.0sp1/quartus/../ip/altera/nios2_ip/altera_nios2/cpu_lib -I /opt/altera/13.0sp1/quartus/../ip/altera/nios2_ip/altera_nios2/nios_lib -I /opt/altera/13.0sp1/quartus/../ip/altera/nios2_ip/altera_nios2 -I /opt/altera/13.0sp1/quartus/../ip/altera/nios2_ip/altera_nios2 -- /opt/altera/13.0sp1/quartus/../ip/altera/nios2_ip/altera_nios2/generate_rtl.epl --name=nios2_ht18_Eriksson_keyserlingk_nios2_ht18_Eriksson_keyserlingk --dir=/tmp/alt7793_4334689631261328299.dir/0085_nios2_ht18_Eriksson_keyserlingk_gen/ --quartus_dir=/opt/altera/13.0sp1/quartus --verilog --config=/tmp/alt7793_4334689631261328299.dir/0085_nios2_ht18_Eriksson_keyserlingk_gen//nios2_ht18_Eriksson_keyserlingk_nios2_ht18_Eriksson_keyserlingk_processor_configuration.pl  --do_build_sim=0    --bogus  ]
Info: nios2_ht18_Eriksson_keyserlingk: # 2018.09.19 15:31:33 (*) Starting Nios II generation
Info: nios2_ht18_Eriksson_keyserlingk: # 2018.09.19 15:31:33 (*)   Checking for plaintext license.
Info: nios2_ht18_Eriksson_keyserlingk: # 2018.09.19 15:31:33 (*)   Couldn't query license setup in Quartus directory /opt/altera/13.0sp1/quartus
Info: nios2_ht18_Eriksson_keyserlingk: # 2018.09.19 15:31:33 (*)   Defaulting to contents of LM_LICENSE_FILE environment variable
Info: nios2_ht18_Eriksson_keyserlingk: # 2018.09.19 15:31:33 (*)   Plaintext license not found.
Info: nios2_ht18_Eriksson_keyserlingk: # 2018.09.19 15:31:33 (*)   No license required to generate encrypted Nios II/e.
Info: nios2_ht18_Eriksson_keyserlingk: # 2018.09.19 15:31:33 (*)   Elaborating CPU configuration settings
Info: nios2_ht18_Eriksson_keyserlingk: # 2018.09.19 15:31:33 (*)   Creating all objects for CPU
Info: nios2_ht18_Eriksson_keyserlingk: # 2018.09.19 15:31:37 (*)   Generating RTL from CPU objects
Info: nios2_ht18_Eriksson_keyserlingk: # 2018.09.19 15:31:37 (*)   Creating plain-text RTL
Info: nios2_ht18_Eriksson_keyserlingk: # 2018.09.19 15:31:40 (*) Done Nios II generation
Info: nios2_ht18_Eriksson_keyserlingk: Done RTL generation for module 'nios2_ht18_Eriksson_keyserlingk_nios2_ht18_Eriksson_keyserlingk'
Info: nios2_ht18_Eriksson_keyserlingk: "nios2_ht18_Eriksson_keyserlingk" instantiated altera_nios2_qsys "nios2_ht18_Eriksson_keyserlingk"
Info: jtag_uart_0: Starting RTL generation for module 'nios2_ht18_Eriksson_keyserlingk_jtag_uart_0'
Info: jtag_uart_0:   Generation command is [exec /opt/altera/13.0sp1/quartus/linux/perl/bin/perl -I /opt/altera/13.0sp1/quartus/common/ip/altera/common/perl/5.8.3 -I /opt/altera/13.0sp1/quartus/sopc_builder/bin/europa -I /opt/altera/13.0sp1/quartus/sopc_builder/bin/perl_lib -I /opt/altera/13.0sp1/quartus/sopc_builder/bin -I /opt/altera/13.0sp1/quartus/../ip/altera/sopc_builder_ip/common -I /opt/altera/13.0sp1/quartus/../ip/altera/sopc_builder_ip/altera_avalon_jtag_uart -- /opt/altera/13.0sp1/quartus/../ip/altera/sopc_builder_ip/altera_avalon_jtag_uart/generate_rtl.pl --name=nios2_ht18_Eriksson_keyserlingk_jtag_uart_0 --dir=/tmp/alt7793_4334689631261328299.dir/0086_jtag_uart_0_gen/ --quartus_dir=/opt/altera/13.0sp1/quartus --verilog --config=/tmp/alt7793_4334689631261328299.dir/0086_jtag_uart_0_gen//nios2_ht18_Eriksson_keyserlingk_jtag_uart_0_component_configuration.pl  --do_build_sim=0  ]
Info: jtag_uart_0: Done RTL generation for module 'nios2_ht18_Eriksson_keyserlingk_jtag_uart_0'
Info: jtag_uart_0: "nios2_ht18_Eriksson_keyserlingk" instantiated altera_avalon_jtag_uart "jtag_uart_0"
Info: onchip_memory: Starting RTL generation for module 'nios2_ht18_Eriksson_keyserlingk_onchip_memory'
Info: onchip_memory:   Generation command is [exec /opt/altera/13.0sp1/quartus/linux/perl/bin/perl -I /opt/altera/13.0sp1/quartus/common/ip/altera/common/perl/5.8.3 -I /opt/altera/13.0sp1/quartus/sopc_builder/bin/europa -I /opt/altera/13.0sp1/quartus/sopc_builder/bin/perl_lib -I /opt/altera/13.0sp1/quartus/sopc_builder/bin -I /opt/altera/13.0sp1/quartus/../ip/altera/sopc_builder_ip/common -I /opt/altera/13.0sp1/quartus/../ip/altera/sopc_builder_ip/altera_avalon_onchip_memory2 -- /opt/altera/13.0sp1/quartus/../ip/altera/sopc_builder_ip/altera_avalon_onchip_memory2/generate_rtl.pl --name=nios2_ht18_Eriksson_keyserlingk_onchip_memory --dir=/tmp/alt7793_4334689631261328299.dir/0087_onchip_memory_gen/ --quartus_dir=/opt/altera/13.0sp1/quartus --verilog --config=/tmp/alt7793_4334689631261328299.dir/0087_onchip_memory_gen//nios2_ht18_Eriksson_keyserlingk_onchip_memory_component_configuration.pl  --do_build_sim=0  ]
Info: onchip_memory: Done RTL generation for module 'nios2_ht18_Eriksson_keyserlingk_onchip_memory'
Info: onchip_memory: "nios2_ht18_Eriksson_keyserlingk" instantiated altera_avalon_onchip_memory2 "onchip_memory"
Info: timer_0: Starting RTL generation for module 'nios2_ht18_Eriksson_keyserlingk_timer_0'
Info: timer_0:   Generation command is [exec /opt/altera/13.0sp1/quartus/linux/perl/bin/perl -I /opt/altera/13.0sp1/quartus/common/ip/altera/common/perl/5.8.3 -I /opt/altera/13.0sp1/quartus/sopc_builder/bin/europa -I /opt/altera/13.0sp1/quartus/sopc_builder/bin/perl_lib -I /opt/altera/13.0sp1/quartus/sopc_builder/bin -I /opt/altera/13.0sp1/quartus/../ip/altera/sopc_builder_ip/common -I /opt/altera/13.0sp1/quartus/../ip/altera/sopc_builder_ip/altera_avalon_timer -- /opt/altera/13.0sp1/quartus/../ip/altera/sopc_builder_ip/altera_avalon_timer/generate_rtl.pl --name=nios2_ht18_Eriksson_keyserlingk_timer_0 --dir=/tmp/alt7793_4334689631261328299.dir/0088_timer_0_gen/ --quartus_dir=/opt/altera/13.0sp1/quartus --verilog --config=/tmp/alt7793_4334689631261328299.dir/0088_timer_0_gen//nios2_ht18_Eriksson_keyserlingk_timer_0_component_configuration.pl  --do_build_sim=0  ]
Info: timer_0: Done RTL generation for module 'nios2_ht18_Eriksson_keyserlingk_timer_0'
Info: timer_0: "nios2_ht18_Eriksson_keyserlingk" instantiated altera_avalon_timer "timer_0"
Info: timer_1: Starting RTL generation for module 'nios2_ht18_Eriksson_keyserlingk_timer_1'
Info: timer_1:   Generation command is [exec /opt/altera/13.0sp1/quartus/linux/perl/bin/perl -I /opt/altera/13.0sp1/quartus/common/ip/altera/common/perl/5.8.3 -I /opt/altera/13.0sp1/quartus/sopc_builder/bin/europa -I /opt/altera/13.0sp1/quartus/sopc_builder/bin/perl_lib -I /opt/altera/13.0sp1/quartus/sopc_builder/bin -I /opt/altera/13.0sp1/quartus/../ip/altera/sopc_builder_ip/common -I /opt/altera/13.0sp1/quartus/../ip/altera/sopc_builder_ip/altera_avalon_timer -- /opt/altera/13.0sp1/quartus/../ip/altera/sopc_builder_ip/altera_avalon_timer/generate_rtl.pl --name=nios2_ht18_Eriksson_keyserlingk_timer_1 --dir=/tmp/alt7793_4334689631261328299.dir/0089_timer_1_gen/ --quartus_dir=/opt/altera/13.0sp1/quartus --verilog --config=/tmp/alt7793_4334689631261328299.dir/0089_timer_1_gen//nios2_ht18_Eriksson_keyserlingk_timer_1_component_configuration.pl  --do_build_sim=0  ]
Info: timer_1: Done RTL generation for module 'nios2_ht18_Eriksson_keyserlingk_timer_1'
Info: timer_1: "nios2_ht18_Eriksson_keyserlingk" instantiated altera_avalon_timer "timer_1"
Info: ht18_Eriksson_keyserlingk: "nios2_ht18_Eriksson_keyserlingk" instantiated altera_avalon_sysid_qsys "ht18_Eriksson_keyserlingk"
Info: de2_pio_toggles18: Starting RTL generation for module 'nios2_ht18_Eriksson_keyserlingk_de2_pio_toggles18'
Info: de2_pio_toggles18:   Generation command is [exec /opt/altera/13.0sp1/quartus/linux/perl/bin/perl -I /opt/altera/13.0sp1/quartus/common/ip/altera/common/perl/5.8.3 -I /opt/altera/13.0sp1/quartus/sopc_builder/bin/europa -I /opt/altera/13.0sp1/quartus/sopc_builder/bin/perl_lib -I /opt/altera/13.0sp1/quartus/sopc_builder/bin -I /opt/altera/13.0sp1/quartus/../ip/altera/sopc_builder_ip/common -I /opt/altera/13.0sp1/quartus/../ip/altera/sopc_builder_ip/altera_avalon_pio -- /opt/altera/13.0sp1/quartus/../ip/altera/sopc_builder_ip/altera_avalon_pio/generate_rtl.pl --name=nios2_ht18_Eriksson_keyserlingk_de2_pio_toggles18 --dir=/tmp/alt7793_4334689631261328299.dir/0091_de2_pio_toggles18_gen/ --quartus_dir=/opt/altera/13.0sp1/quartus --verilog --config=/tmp/alt7793_4334689631261328299.dir/0091_de2_pio_toggles18_gen//nios2_ht18_Eriksson_keyserlingk_de2_pio_toggles18_component_configuration.pl  --do_build_sim=0  ]
Info: de2_pio_toggles18: Done RTL generation for module 'nios2_ht18_Eriksson_keyserlingk_de2_pio_toggles18'
Info: de2_pio_toggles18: "nios2_ht18_Eriksson_keyserlingk" instantiated altera_avalon_pio "de2_pio_toggles18"
Info: de2_pio_keys: Starting RTL generation for module 'nios2_ht18_Eriksson_keyserlingk_de2_pio_keys'
Info: de2_pio_keys:   Generation command is [exec /opt/altera/13.0sp1/quartus/linux/perl/bin/perl -I /opt/altera/13.0sp1/quartus/common/ip/altera/common/perl/5.8.3 -I /opt/altera/13.0sp1/quartus/sopc_builder/bin/europa -I /opt/altera/13.0sp1/quartus/sopc_builder/bin/perl_lib -I /opt/altera/13.0sp1/quartus/sopc_builder/bin -I /opt/altera/13.0sp1/quartus/../ip/altera/sopc_builder_ip/common -I /opt/altera/13.0sp1/quartus/../ip/altera/sopc_builder_ip/altera_avalon_pio -- /opt/altera/13.0sp1/quartus/../ip/altera/sopc_builder_ip/altera_avalon_pio/generate_rtl.pl --name=nios2_ht18_Eriksson_keyserlingk_de2_pio_keys --dir=/tmp/alt7793_4334689631261328299.dir/0092_de2_pio_keys_gen/ --quartus_dir=/opt/altera/13.0sp1/quartus --verilog --config=/tmp/alt7793_4334689631261328299.dir/0092_de2_pio_keys_gen//nios2_ht18_Eriksson_keyserlingk_de2_pio_keys_component_configuration.pl  --do_build_sim=0  ]
Info: de2_pio_keys: Done RTL generation for module 'nios2_ht18_Eriksson_keyserlingk_de2_pio_keys'
Info: de2_pio_keys: "nios2_ht18_Eriksson_keyserlingk" instantiated altera_avalon_pio "de2_pio_keys"
Info: de2_pio_redled18: Starting RTL generation for module 'nios2_ht18_Eriksson_keyserlingk_de2_pio_redled18'
Info: de2_pio_redled18:   Generation command is [exec /opt/altera/13.0sp1/quartus/linux/perl/bin/perl -I /opt/altera/13.0sp1/quartus/common/ip/altera/common/perl/5.8.3 -I /opt/altera/13.0sp1/quartus/sopc_builder/bin/europa -I /opt/altera/13.0sp1/quartus/sopc_builder/bin/perl_lib -I /opt/altera/13.0sp1/quartus/sopc_builder/bin -I /opt/altera/13.0sp1/quartus/../ip/altera/sopc_builder_ip/common -I /opt/altera/13.0sp1/quartus/../ip/altera/sopc_builder_ip/altera_avalon_pio -- /opt/altera/13.0sp1/quartus/../ip/altera/sopc_builder_ip/altera_avalon_pio/generate_rtl.pl --name=nios2_ht18_Eriksson_keyserlingk_de2_pio_redled18 --dir=/tmp/alt7793_4334689631261328299.dir/0093_de2_pio_redled18_gen/ --quartus_dir=/opt/altera/13.0sp1/quartus --verilog --config=/tmp/alt7793_4334689631261328299.dir/0093_de2_pio_redled18_gen//nios2_ht18_Eriksson_keyserlingk_de2_pio_redled18_component_configuration.pl  --do_build_sim=0  ]
Info: de2_pio_redled18: Done RTL generation for module 'nios2_ht18_Eriksson_keyserlingk_de2_pio_redled18'
Info: de2_pio_redled18: "nios2_ht18_Eriksson_keyserlingk" instantiated altera_avalon_pio "de2_pio_redled18"
Info: de2_pio_greenled9: Starting RTL generation for module 'nios2_ht18_Eriksson_keyserlingk_de2_pio_greenled9'
Info: de2_pio_greenled9:   Generation command is [exec /opt/altera/13.0sp1/quartus/linux/perl/bin/perl -I /opt/altera/13.0sp1/quartus/common/ip/altera/common/perl/5.8.3 -I /opt/altera/13.0sp1/quartus/sopc_builder/bin/europa -I /opt/altera/13.0sp1/quartus/sopc_builder/bin/perl_lib -I /opt/altera/13.0sp1/quartus/sopc_builder/bin -I /opt/altera/13.0sp1/quartus/../ip/altera/sopc_builder_ip/common -I /opt/altera/13.0sp1/quartus/../ip/altera/sopc_builder_ip/altera_avalon_pio -- /opt/altera/13.0sp1/quartus/../ip/altera/sopc_builder_ip/altera_avalon_pio/generate_rtl.pl --name=nios2_ht18_Eriksson_keyserlingk_de2_pio_greenled9 --dir=/tmp/alt7793_4334689631261328299.dir/0094_de2_pio_greenled9_gen/ --quartus_dir=/opt/altera/13.0sp1/quartus --verilog --config=/tmp/alt7793_4334689631261328299.dir/0094_de2_pio_greenled9_gen//nios2_ht18_Eriksson_keyserlingk_de2_pio_greenled9_component_configuration.pl  --do_build_sim=0  ]
Info: de2_pio_greenled9: Done RTL generation for module 'nios2_ht18_Eriksson_keyserlingk_de2_pio_greenled9'
Info: de2_pio_greenled9: "nios2_ht18_Eriksson_keyserlingk" instantiated altera_avalon_pio "de2_pio_greenled9"
Info: de2_pio_hex_high28: Starting RTL generation for module 'nios2_ht18_Eriksson_keyserlingk_de2_pio_hex_high28'
Info: de2_pio_hex_high28:   Generation command is [exec /opt/altera/13.0sp1/quartus/linux/perl/bin/perl -I /opt/altera/13.0sp1/quartus/common/ip/altera/common/perl/5.8.3 -I /opt/altera/13.0sp1/quartus/sopc_builder/bin/europa -I /opt/altera/13.0sp1/quartus/sopc_builder/bin/perl_lib -I /opt/altera/13.0sp1/quartus/sopc_builder/bin -I /opt/altera/13.0sp1/quartus/../ip/altera/sopc_builder_ip/common -I /opt/altera/13.0sp1/quartus/../ip/altera/sopc_builder_ip/altera_avalon_pio -- /opt/altera/13.0sp1/quartus/../ip/altera/sopc_builder_ip/altera_avalon_pio/generate_rtl.pl --name=nios2_ht18_Eriksson_keyserlingk_de2_pio_hex_high28 --dir=/tmp/alt7793_4334689631261328299.dir/0095_de2_pio_hex_high28_gen/ --quartus_dir=/opt/altera/13.0sp1/quartus --verilog --config=/tmp/alt7793_4334689631261328299.dir/0095_de2_pio_hex_high28_gen//nios2_ht18_Eriksson_keyserlingk_de2_pio_hex_high28_component_configuration.pl  --do_build_sim=0  ]
Info: de2_pio_hex_high28: Done RTL generation for module 'nios2_ht18_Eriksson_keyserlingk_de2_pio_hex_high28'
Info: de2_pio_hex_high28: "nios2_ht18_Eriksson_keyserlingk" instantiated altera_avalon_pio "de2_pio_hex_high28"
Info: nios2_ht18_Eriksson_keyserlingk_instruction_master_translator: "nios2_ht18_Eriksson_keyserlingk" instantiated altera_merlin_master_translator "nios2_ht18_Eriksson_keyserlingk_instruction_master_translator"
Info: nios2_ht18_Eriksson_keyserlingk_jtag_debug_module_translator: "nios2_ht18_Eriksson_keyserlingk" instantiated altera_merlin_slave_translator "nios2_ht18_Eriksson_keyserlingk_jtag_debug_module_translator"
Info: nios2_ht18_Eriksson_keyserlingk_instruction_master_translator_avalon_universal_master_0_agent: "nios2_ht18_Eriksson_keyserlingk" instantiated altera_merlin_master_agent "nios2_ht18_Eriksson_keyserlingk_instruction_master_translator_avalon_universal_master_0_agent"
Info: nios2_ht18_Eriksson_keyserlingk_jtag_debug_module_translator_avalon_universal_slave_0_agent: "nios2_ht18_Eriksson_keyserlingk" instantiated altera_merlin_slave_agent "nios2_ht18_Eriksson_keyserlingk_jtag_debug_module_translator_avalon_universal_slave_0_agent"
Info: nios2_ht18_Eriksson_keyserlingk_jtag_debug_module_translator_avalon_universal_slave_0_agent_rsp_fifo: "nios2_ht18_Eriksson_keyserlingk" instantiated altera_avalon_sc_fifo "nios2_ht18_Eriksson_keyserlingk_jtag_debug_module_translator_avalon_universal_slave_0_agent_rsp_fifo"
Info: addr_router: "nios2_ht18_Eriksson_keyserlingk" instantiated altera_merlin_router "addr_router"
Info: addr_router_001: "nios2_ht18_Eriksson_keyserlingk" instantiated altera_merlin_router "addr_router_001"
Info: id_router: "nios2_ht18_Eriksson_keyserlingk" instantiated altera_merlin_router "id_router"
Info: id_router_003: "nios2_ht18_Eriksson_keyserlingk" instantiated altera_merlin_router "id_router_003"
Info: rst_controller: "nios2_ht18_Eriksson_keyserlingk" instantiated altera_reset_controller "rst_controller"
Info: cmd_xbar_demux: "nios2_ht18_Eriksson_keyserlingk" instantiated altera_merlin_demultiplexer "cmd_xbar_demux"
Info: cmd_xbar_demux_001: "nios2_ht18_Eriksson_keyserlingk" instantiated altera_merlin_demultiplexer "cmd_xbar_demux_001"
Info: cmd_xbar_mux: "nios2_ht18_Eriksson_keyserlingk" instantiated altera_merlin_multiplexer "cmd_xbar_mux"
Info: rsp_xbar_demux: "nios2_ht18_Eriksson_keyserlingk" instantiated altera_merlin_demultiplexer "rsp_xbar_demux"
Info: rsp_xbar_demux_003: "nios2_ht18_Eriksson_keyserlingk" instantiated altera_merlin_demultiplexer "rsp_xbar_demux_003"
Info: rsp_xbar_mux: "nios2_ht18_Eriksson_keyserlingk" instantiated altera_merlin_multiplexer "rsp_xbar_mux"
Info: Reusing file /home/student/Documents/IL2206/hardware/nios2_ht18_Eriksson_Keyserlingk/nios2_ht18_Eriksson_keyserlingk/synthesis/submodules/altera_merlin_arbitrator.sv
Info: rsp_xbar_mux_001: "nios2_ht18_Eriksson_keyserlingk" instantiated altera_merlin_multiplexer "rsp_xbar_mux_001"
Info: Reusing file /home/student/Documents/IL2206/hardware/nios2_ht18_Eriksson_Keyserlingk/nios2_ht18_Eriksson_keyserlingk/synthesis/submodules/altera_merlin_arbitrator.sv
Info: irq_mapper: "nios2_ht18_Eriksson_keyserlingk" instantiated altera_irq_mapper "irq_mapper"
Info: nios2_ht18_Eriksson_keyserlingk: Done nios2_ht18_Eriksson_keyserlingk" with 30 modules, 115 files, 2282793 bytes
Info: ip-generate succeeded.
Info: Finished: Create HDL design files for synthesis
